This is pdfTeX, Version 3.141592653-2.6-1.40.29 (TeX Live 2026) (preloaded format=pdflatex 2026.3.30)  21 APR 2026 13:50
entering extended mode
 restricted \write18 enabled.
 %&-line parsing enabled.
**/Users/naimazzouz/Documents/GitHub/maths-sciences-lp.github.io/latex/seconde/
cahier-calcul-2nde-pro.tex

(/Users/naimazzouz/Documents/GitHub/maths-sciences-lp.github.io/latex/seconde/c
ahier-calcul-2nde-pro.tex
LaTeX2e <2025-11-01>
L3 programming layer <2026-01-19>
(/usr/local/texlive/2026/texmf-dist/tex/latex/base/book.cls
Document Class: book 2025/01/22 v1.4n Standard LaTeX document class
(/usr/local/texlive/2026/texmf-dist/tex/latex/base/bk11.clo
File: bk11.clo 2025/01/22 v1.4n Standard LaTeX file (size option)
)
\c@part=\count275
\c@chapter=\count276
\c@section=\count277
\c@subsection=\count278
\c@subsubsection=\count279
\c@paragraph=\count280
\c@subparagraph=\count281
\c@figure=\count282
\c@table=\count283
\abovecaptionskip=\skip49
\belowcaptionskip=\skip50
\bibindent=\dimen148
)
(/usr/local/texlive/2026/texmf-dist/tex/latex/base/inputenc.sty
Package: inputenc 2024/02/08 v1.3d Input encoding file
\inpenc@prehook=\toks17
\inpenc@posthook=\toks18
)
(/usr/local/texlive/2026/texmf-dist/tex/latex/base/fontenc.sty
Package: fontenc 2025/07/18 v2.1d Standard LaTeX package
)
(/usr/local/texlive/2026/texmf-dist/tex/generic/babel/babel.sty
Package: babel 2026/03/08 v26.4 The multilingual framework for LuaLaTeX, pdfLaT
eX and XeLaTeX
\babel@savecnt=\count284
LaTeX Encoding Info:    Redeclaring text command \ij (encoding OT1) on input li
ne 2078.
LaTeX Encoding Info:    Redeclaring text command \IJ (encoding OT1) on input li
ne 2080.
LaTeX Encoding Info:    Redeclaring text command \ij (encoding T1) on input lin
e 2082.
LaTeX Encoding Info:    Redeclaring text command \IJ (encoding T1) on input lin
e 2083.
LaTeX Encoding Info:    Ignoring declaration for text command \ij (encoding ?) 
on input line 2084.
LaTeX Encoding Info:    Ignoring declaration for text command \IJ (encoding ?) 
on input line 2086.
LaTeX Encoding Info:    Ignoring declaration for text command \SS (encoding ?) 
on input line 2111.
\U@D=\dimen149
\l@unhyphenated=\language91

(/usr/local/texlive/2026/texmf-dist/tex/generic/babel/txtbabel.def)
\bbl@readstream=\read2
\bbl@dirlevel=\count285

(/usr/local/texlive/2026/texmf-dist/tex/generic/babel/locale/fr/babel-french.te
x)
Package babel Info: Importing font and identification data for french
(babel)             from babel-fr.ini. Reported on input line 4330.
 (/usr/local/texlive/2026/texmf-dist/tex/generic/babel-french/french.ldf
Language: french 2025-08-15 v4.0e French support from the babel system

(/usr/local/texlive/2026/texmf-dist/tex/generic/babel-french/french3.ldf
Language: french 2025-08-15 v3.7e French support from the babel system
\FB@stdchar=\count286
Package babel Info: Making : an active character on input line 273.
Package babel Info: Making ; an active character on input line 274.
Package babel Info: Making ! an active character on input line 275.
Package babel Info: Making ? an active character on input line 276.
\FBguill@level=\count287
\FBold@everypar=\toks19
\FB@Mht=\dimen150
\mc@charclass=\count288
\mc@charfam=\count289
\mc@charslot=\count290
\std@mcc=\count291
\dec@mcc=\count292
\FB@pardim=\dimen151
\listindentFB=\dimen152
\descindentFB=\dimen153
\labelindentFB=\dimen154
\labelwidthFB=\dimen155
\leftmarginFB=\dimen156
\parindentFFN=\dimen157
\FBfnindent=\dimen158
)))
(/usr/local/texlive/2026/texmf-dist/tex/latex/carlisle/scalefnt.sty)
(/usr/local/texlive/2026/texmf-dist/tex/latex/geometry/geometry.sty
Package: geometry 2026/03/07 v6.0 Page Geometry

(/usr/local/texlive/2026/texmf-dist/tex/latex/graphics/keyval.sty
Package: keyval 2022/05/29 v1.15 key=value parser (DPC)
\KV@toks@=\toks20
)
(/usr/local/texlive/2026/texmf-dist/tex/generic/iftex/ifvtex.sty
Package: ifvtex 2019/10/25 v1.7 ifvtex legacy package. Use iftex instead.

(/usr/local/texlive/2026/texmf-dist/tex/generic/iftex/iftex.sty
Package: iftex 2024/12/12 v1.0g TeX engine tests
))
\Gm@cnth=\count293
\Gm@cntv=\count294
\c@Gm@tempcnt=\count295
\Gm@bindingoffset=\dimen159
\Gm@wd@mp=\dimen160
\Gm@odd@mp=\dimen161
\Gm@even@mp=\dimen162
\Gm@layoutwidth=\dimen163
\Gm@layoutheight=\dimen164
\Gm@layouthoffset=\dimen165
\Gm@layoutvoffset=\dimen166
\Gm@dimlist=\toks21
)
(/usr/local/texlive/2026/texmf-dist/tex/latex/fancyhdr/fancyhdr.sty
Package: fancyhdr 2025/02/07 v5.2 Extensive control of page headers and footers

\f@nch@headwidth=\skip51
\f@nch@offset@elh=\skip52
\f@nch@offset@erh=\skip53
\f@nch@offset@olh=\skip54
\f@nch@offset@orh=\skip55
\f@nch@offset@elf=\skip56
\f@nch@offset@erf=\skip57
\f@nch@offset@olf=\skip58
\f@nch@offset@orf=\skip59
\f@nch@height=\skip60
\f@nch@footalignment=\skip61
\f@nch@widthL=\skip62
\f@nch@widthC=\skip63
\f@nch@widthR=\skip64
\@temptokenb=\toks22
)
(/usr/local/texlive/2026/texmf-dist/tex/latex/amsmath/amsmath.sty
Package: amsmath 2025/07/09 v2.17z AMS math features
\@mathmargin=\skip65

For additional information on amsmath, use the `?' option.
(/usr/local/texlive/2026/texmf-dist/tex/latex/amsmath/amstext.sty
Package: amstext 2024/11/17 v2.01 AMS text

(/usr/local/texlive/2026/texmf-dist/tex/latex/amsmath/amsgen.sty
File: amsgen.sty 1999/11/30 v2.0 generic functions
\@emptytoks=\toks23
\ex@=\dimen167
))
(/usr/local/texlive/2026/texmf-dist/tex/latex/amsmath/amsbsy.sty
Package: amsbsy 1999/11/29 v1.2d Bold Symbols
\pmbraise@=\dimen168
)
(/usr/local/texlive/2026/texmf-dist/tex/latex/amsmath/amsopn.sty
Package: amsopn 2022/04/08 v2.04 operator names
)
\inf@bad=\count296
LaTeX Info: Redefining \frac on input line 233.
\uproot@=\count297
\leftroot@=\count298
LaTeX Info: Redefining \overline on input line 398.
LaTeX Info: Redefining \colon on input line 409.
\classnum@=\count299
\DOTSCASE@=\count300
LaTeX Info: Redefining \ldots on input line 495.
LaTeX Info: Redefining \dots on input line 498.
LaTeX Info: Redefining \cdots on input line 619.
\Mathstrutbox@=\box53
\strutbox@=\box54
LaTeX Info: Redefining \big on input line 721.
LaTeX Info: Redefining \Big on input line 722.
LaTeX Info: Redefining \bigg on input line 723.
LaTeX Info: Redefining \Bigg on input line 724.
\big@size=\dimen169
LaTeX Font Info:    Redeclaring font encoding OML on input line 742.
LaTeX Font Info:    Redeclaring font encoding OMS on input line 743.
\macc@depth=\count301
LaTeX Info: Redefining \bmod on input line 904.
LaTeX Info: Redefining \pmod on input line 909.
LaTeX Info: Redefining \smash on input line 939.
LaTeX Info: Redefining \relbar on input line 969.
LaTeX Info: Redefining \Relbar on input line 970.
\c@MaxMatrixCols=\count302
\dotsspace@=\muskip17
\c@parentequation=\count303
\dspbrk@lvl=\count304
\tag@help=\toks24
\row@=\count305
\column@=\count306
\maxfields@=\count307
\andhelp@=\toks25
\eqnshift@=\dimen170
\alignsep@=\dimen171
\tagshift@=\dimen172
\tagwidth@=\dimen173
\totwidth@=\dimen174
\lineht@=\dimen175
\@envbody=\toks26
\multlinegap=\skip66
\multlinetaggap=\skip67
\mathdisplay@stack=\toks27
LaTeX Info: Redefining \[ on input line 2950.
LaTeX Info: Redefining \] on input line 2951.
)
(/usr/local/texlive/2026/texmf-dist/tex/latex/amsfonts/amssymb.sty
Package: amssymb 2013/01/14 v3.01 AMS font symbols

(/usr/local/texlive/2026/texmf-dist/tex/latex/amsfonts/amsfonts.sty
Package: amsfonts 2013/01/14 v3.01 Basic AMSFonts support
\symAMSa=\mathgroup4
\symAMSb=\mathgroup5
LaTeX Font Info:    Redeclaring math symbol \hbar on input line 98.
LaTeX Font Info:    Overwriting math alphabet `\mathfrak' in version `bold'
(Font)                  U/euf/m/n --> U/euf/b/n on input line 106.
))
(/usr/local/texlive/2026/texmf-dist/tex/latex/tcolorbox/tcolorbox.sty
Package: tcolorbox 2025/11/28 version 6.9.0 text color boxes

(/usr/local/texlive/2026/texmf-dist/tex/latex/pgf/frontendlayer/tikz.sty
(/usr/local/texlive/2026/texmf-dist/tex/latex/pgf/basiclayer/pgf.sty
(/usr/local/texlive/2026/texmf-dist/tex/latex/pgf/utilities/pgfrcs.sty
(/usr/local/texlive/2026/texmf-dist/tex/generic/pgf/utilities/pgfutil-common.te
x
\pgfutil@everybye=\toks28
\pgfutil@tempdima=\dimen176
\pgfutil@tempdimb=\dimen177
)
(/usr/local/texlive/2026/texmf-dist/tex/generic/pgf/utilities/pgfutil-latex.def
\pgfutil@abb=\box55
) (/usr/local/texlive/2026/texmf-dist/tex/generic/pgf/utilities/pgfrcs.code.tex
(/usr/local/texlive/2026/texmf-dist/tex/generic/pgf/pgf.revision.tex)
Package: pgfrcs 2025-08-29 v3.1.11a (3.1.11a)
))
Package: pgf 2025-08-29 v3.1.11a (3.1.11a)

(/usr/local/texlive/2026/texmf-dist/tex/latex/pgf/basiclayer/pgfcore.sty
(/usr/local/texlive/2026/texmf-dist/tex/latex/graphics/graphicx.sty
Package: graphicx 2024/12/31 v1.2e Enhanced LaTeX Graphics (DPC,SPQR)

(/usr/local/texlive/2026/texmf-dist/tex/latex/graphics/graphics.sty
Package: graphics 2024/08/06 v1.4g Standard LaTeX Graphics (DPC,SPQR)

(/usr/local/texlive/2026/texmf-dist/tex/latex/graphics/trig.sty
Package: trig 2023/12/02 v1.11 sin cos tan (DPC)
)
(/usr/local/texlive/2026/texmf-dist/tex/latex/graphics-cfg/graphics.cfg
File: graphics.cfg 2016/06/04 v1.11 sample graphics configuration
)
Package graphics Info: Driver file: pdftex.def on input line 106.

(/usr/local/texlive/2026/texmf-dist/tex/latex/graphics-def/pdftex.def
File: pdftex.def 2025/09/29 v1.2d Graphics/color driver for pdftex
))
\Gin@req@height=\dimen178
\Gin@req@width=\dimen179
)
(/usr/local/texlive/2026/texmf-dist/tex/latex/pgf/systemlayer/pgfsys.sty
(/usr/local/texlive/2026/texmf-dist/tex/generic/pgf/systemlayer/pgfsys.code.tex
Package: pgfsys 2025-08-29 v3.1.11a (3.1.11a)
(/usr/local/texlive/2026/texmf-dist/tex/generic/pgf/utilities/pgfkeys.code.tex
\pgfkeys@pathtoks=\toks29
\pgfkeys@temptoks=\toks30

(/usr/local/texlive/2026/texmf-dist/tex/generic/pgf/utilities/pgfkeyslibraryfil
tered.code.tex
\pgfkeys@tmptoks=\toks31
))
\pgf@x=\dimen180
\pgf@y=\dimen181
\pgf@xa=\dimen182
\pgf@ya=\dimen183
\pgf@xb=\dimen184
\pgf@yb=\dimen185
\pgf@xc=\dimen186
\pgf@yc=\dimen187
\pgf@xd=\dimen188
\pgf@yd=\dimen189
\w@pgf@writea=\write3
\r@pgf@reada=\read3
\c@pgf@counta=\count308
\c@pgf@countb=\count309
\c@pgf@countc=\count310
\c@pgf@countd=\count311
\t@pgf@toka=\toks32
\t@pgf@tokb=\toks33
\t@pgf@tokc=\toks34
\pgf@sys@id@count=\count312

(/usr/local/texlive/2026/texmf-dist/tex/generic/pgf/systemlayer/pgf.cfg
File: pgf.cfg 2025-08-29 v3.1.11a (3.1.11a)
)
Driver file for pgf: pgfsys-pdftex.def

(/usr/local/texlive/2026/texmf-dist/tex/generic/pgf/systemlayer/pgfsys-pdftex.d
ef
File: pgfsys-pdftex.def 2025-08-29 v3.1.11a (3.1.11a)

(/usr/local/texlive/2026/texmf-dist/tex/generic/pgf/systemlayer/pgfsys-common-p
df.def
File: pgfsys-common-pdf.def 2025-08-29 v3.1.11a (3.1.11a)
)))
(/usr/local/texlive/2026/texmf-dist/tex/generic/pgf/systemlayer/pgfsyssoftpath.
code.tex
File: pgfsyssoftpath.code.tex 2025-08-29 v3.1.11a (3.1.11a)
\pgfsyssoftpath@smallbuffer@items=\count313
\pgfsyssoftpath@bigbuffer@items=\count314
)
(/usr/local/texlive/2026/texmf-dist/tex/generic/pgf/systemlayer/pgfsysprotocol.
code.tex
File: pgfsysprotocol.code.tex 2025-08-29 v3.1.11a (3.1.11a)
)) (/usr/local/texlive/2026/texmf-dist/tex/latex/xcolor/xcolor.sty
Package: xcolor 2024/09/29 v3.02 LaTeX color extensions (UK)

(/usr/local/texlive/2026/texmf-dist/tex/latex/graphics-cfg/color.cfg
File: color.cfg 2016/01/02 v1.6 sample color configuration
)
Package xcolor Info: Driver file: pdftex.def on input line 274.

(/usr/local/texlive/2026/texmf-dist/tex/latex/graphics/mathcolor.ltx)
Package xcolor Info: Model `cmy' substituted by `cmy0' on input line 1349.
Package xcolor Info: Model `hsb' substituted by `rgb' on input line 1353.
Package xcolor Info: Model `RGB' extended on input line 1365.
Package xcolor Info: Model `HTML' substituted by `rgb' on input line 1367.
Package xcolor Info: Model `Hsb' substituted by `hsb' on input line 1368.
Package xcolor Info: Model `tHsb' substituted by `hsb' on input line 1369.
Package xcolor Info: Model `HSB' substituted by `hsb' on input line 1370.
Package xcolor Info: Model `Gray' substituted by `gray' on input line 1371.
Package xcolor Info: Model `wave' substituted by `hsb' on input line 1372.
)
(/usr/local/texlive/2026/texmf-dist/tex/generic/pgf/basiclayer/pgfcore.code.tex
Package: pgfcore 2025-08-29 v3.1.11a (3.1.11a)
(/usr/local/texlive/2026/texmf-dist/tex/generic/pgf/math/pgfmath.code.tex
(/usr/local/texlive/2026/texmf-dist/tex/generic/pgf/math/pgfmathutil.code.tex)
(/usr/local/texlive/2026/texmf-dist/tex/generic/pgf/math/pgfmathparser.code.tex
\pgfmath@dimen=\dimen190
\pgfmath@count=\count315
\pgfmath@box=\box56
\pgfmath@toks=\toks35
\pgfmath@stack@operand=\toks36
\pgfmath@stack@operation=\toks37
)
(/usr/local/texlive/2026/texmf-dist/tex/generic/pgf/math/pgfmathfunctions.code.
tex)
(/usr/local/texlive/2026/texmf-dist/tex/generic/pgf/math/pgfmathfunctions.basic
.code.tex)
(/usr/local/texlive/2026/texmf-dist/tex/generic/pgf/math/pgfmathfunctions.trigo
nometric.code.tex)
(/usr/local/texlive/2026/texmf-dist/tex/generic/pgf/math/pgfmathfunctions.rando
m.code.tex)
(/usr/local/texlive/2026/texmf-dist/tex/generic/pgf/math/pgfmathfunctions.compa
rison.code.tex)
(/usr/local/texlive/2026/texmf-dist/tex/generic/pgf/math/pgfmathfunctions.base.
code.tex)
(/usr/local/texlive/2026/texmf-dist/tex/generic/pgf/math/pgfmathfunctions.round
.code.tex)
(/usr/local/texlive/2026/texmf-dist/tex/generic/pgf/math/pgfmathfunctions.misc.
code.tex)
(/usr/local/texlive/2026/texmf-dist/tex/generic/pgf/math/pgfmathfunctions.integ
erarithmetics.code.tex)
(/usr/local/texlive/2026/texmf-dist/tex/generic/pgf/math/pgfmathcalc.code.tex)
(/usr/local/texlive/2026/texmf-dist/tex/generic/pgf/math/pgfmathfloat.code.tex
\c@pgfmathroundto@lastzeros=\count316
)) (/usr/local/texlive/2026/texmf-dist/tex/generic/pgf/math/pgfint.code.tex)
(/usr/local/texlive/2026/texmf-dist/tex/generic/pgf/basiclayer/pgfcorepoints.co
de.tex
File: pgfcorepoints.code.tex 2025-08-29 v3.1.11a (3.1.11a)
\pgf@picminx=\dimen191
\pgf@picmaxx=\dimen192
\pgf@picminy=\dimen193
\pgf@picmaxy=\dimen194
\pgf@pathminx=\dimen195
\pgf@pathmaxx=\dimen196
\pgf@pathminy=\dimen197
\pgf@pathmaxy=\dimen198
\pgf@xx=\dimen199
\pgf@xy=\dimen256
\pgf@yx=\dimen257
\pgf@yy=\dimen258
\pgf@zx=\dimen259
\pgf@zy=\dimen260
)
(/usr/local/texlive/2026/texmf-dist/tex/generic/pgf/basiclayer/pgfcorepathconst
ruct.code.tex
File: pgfcorepathconstruct.code.tex 2025-08-29 v3.1.11a (3.1.11a)
\pgf@path@lastx=\dimen261
\pgf@path@lasty=\dimen262
)
(/usr/local/texlive/2026/texmf-dist/tex/generic/pgf/basiclayer/pgfcorepathusage
.code.tex
File: pgfcorepathusage.code.tex 2025-08-29 v3.1.11a (3.1.11a)
\pgf@shorten@end@additional=\dimen263
\pgf@shorten@start@additional=\dimen264
)
(/usr/local/texlive/2026/texmf-dist/tex/generic/pgf/basiclayer/pgfcorescopes.co
de.tex
File: pgfcorescopes.code.tex 2025-08-29 v3.1.11a (3.1.11a)
\pgfpic=\box57
\pgf@hbox=\box58
\pgf@layerbox@main=\box59
\pgf@picture@serial@count=\count317
)
(/usr/local/texlive/2026/texmf-dist/tex/generic/pgf/basiclayer/pgfcoregraphicst
ate.code.tex
File: pgfcoregraphicstate.code.tex 2025-08-29 v3.1.11a (3.1.11a)
\pgflinewidth=\dimen265
)
(/usr/local/texlive/2026/texmf-dist/tex/generic/pgf/basiclayer/pgfcoretransform
ations.code.tex
File: pgfcoretransformations.code.tex 2025-08-29 v3.1.11a (3.1.11a)
\pgf@pt@x=\dimen266
\pgf@pt@y=\dimen267
\pgf@pt@temp=\dimen268
)
(/usr/local/texlive/2026/texmf-dist/tex/generic/pgf/basiclayer/pgfcorequick.cod
e.tex
File: pgfcorequick.code.tex 2025-08-29 v3.1.11a (3.1.11a)
)
(/usr/local/texlive/2026/texmf-dist/tex/generic/pgf/basiclayer/pgfcoreobjects.c
ode.tex
File: pgfcoreobjects.code.tex 2025-08-29 v3.1.11a (3.1.11a)
)
(/usr/local/texlive/2026/texmf-dist/tex/generic/pgf/basiclayer/pgfcorepathproce
ssing.code.tex
File: pgfcorepathprocessing.code.tex 2025-08-29 v3.1.11a (3.1.11a)
)
(/usr/local/texlive/2026/texmf-dist/tex/generic/pgf/basiclayer/pgfcorearrows.co
de.tex
File: pgfcorearrows.code.tex 2025-08-29 v3.1.11a (3.1.11a)
\pgfarrowsep=\dimen269
)
(/usr/local/texlive/2026/texmf-dist/tex/generic/pgf/basiclayer/pgfcoreshade.cod
e.tex
File: pgfcoreshade.code.tex 2025-08-29 v3.1.11a (3.1.11a)
\pgf@max=\dimen270
\pgf@sys@shading@range@num=\count318
\pgf@shadingcount=\count319
)
(/usr/local/texlive/2026/texmf-dist/tex/generic/pgf/basiclayer/pgfcoreimage.cod
e.tex
File: pgfcoreimage.code.tex 2025-08-29 v3.1.11a (3.1.11a)
)
(/usr/local/texlive/2026/texmf-dist/tex/generic/pgf/basiclayer/pgfcoreexternal.
code.tex
File: pgfcoreexternal.code.tex 2025-08-29 v3.1.11a (3.1.11a)
\pgfexternal@startupbox=\box60
)
(/usr/local/texlive/2026/texmf-dist/tex/generic/pgf/basiclayer/pgfcorelayers.co
de.tex
File: pgfcorelayers.code.tex 2025-08-29 v3.1.11a (3.1.11a)
)
(/usr/local/texlive/2026/texmf-dist/tex/generic/pgf/basiclayer/pgfcoretranspare
ncy.code.tex
File: pgfcoretransparency.code.tex 2025-08-29 v3.1.11a (3.1.11a)
)
(/usr/local/texlive/2026/texmf-dist/tex/generic/pgf/basiclayer/pgfcorepatterns.
code.tex
File: pgfcorepatterns.code.tex 2025-08-29 v3.1.11a (3.1.11a)
)
(/usr/local/texlive/2026/texmf-dist/tex/generic/pgf/basiclayer/pgfcorerdf.code.
tex
File: pgfcorerdf.code.tex 2025-08-29 v3.1.11a (3.1.11a)
)))
(/usr/local/texlive/2026/texmf-dist/tex/generic/pgf/modules/pgfmoduleshapes.cod
e.tex
File: pgfmoduleshapes.code.tex 2025-08-29 v3.1.11a (3.1.11a)
\pgfnodeparttextbox=\box61
)
(/usr/local/texlive/2026/texmf-dist/tex/generic/pgf/modules/pgfmoduleplot.code.
tex
File: pgfmoduleplot.code.tex 2025-08-29 v3.1.11a (3.1.11a)
)
(/usr/local/texlive/2026/texmf-dist/tex/latex/pgf/compatibility/pgfcomp-version
-0-65.sty
Package: pgfcomp-version-0-65 2025-08-29 v3.1.11a (3.1.11a)
\pgf@nodesepstart=\dimen271
\pgf@nodesepend=\dimen272
)
(/usr/local/texlive/2026/texmf-dist/tex/latex/pgf/compatibility/pgfcomp-version
-1-18.sty
Package: pgfcomp-version-1-18 2025-08-29 v3.1.11a (3.1.11a)
))
(/usr/local/texlive/2026/texmf-dist/tex/latex/pgf/utilities/pgffor.sty
(/usr/local/texlive/2026/texmf-dist/tex/latex/pgf/utilities/pgfkeys.sty
(/usr/local/texlive/2026/texmf-dist/tex/generic/pgf/utilities/pgfkeys.code.tex)
) (/usr/local/texlive/2026/texmf-dist/tex/latex/pgf/math/pgfmath.sty
(/usr/local/texlive/2026/texmf-dist/tex/generic/pgf/math/pgfmath.code.tex))
(/usr/local/texlive/2026/texmf-dist/tex/generic/pgf/utilities/pgffor.code.tex
Package: pgffor 2025-08-29 v3.1.11a (3.1.11a)
\pgffor@iter=\dimen273
\pgffor@skip=\dimen274
\pgffor@stack=\toks38
\pgffor@toks=\toks39
))
(/usr/local/texlive/2026/texmf-dist/tex/generic/pgf/frontendlayer/tikz/tikz.cod
e.tex
Package: tikz 2025-08-29 v3.1.11a (3.1.11a)

(/usr/local/texlive/2026/texmf-dist/tex/generic/pgf/libraries/pgflibraryplothan
dlers.code.tex
File: pgflibraryplothandlers.code.tex 2025-08-29 v3.1.11a (3.1.11a)
\pgf@plot@mark@count=\count320
\pgfplotmarksize=\dimen275
)
\tikz@lastx=\dimen276
\tikz@lasty=\dimen277
\tikz@lastxsaved=\dimen278
\tikz@lastysaved=\dimen279
\tikz@lastmovetox=\dimen280
\tikz@lastmovetoy=\dimen281
\tikzleveldistance=\dimen282
\tikzsiblingdistance=\dimen283
\tikz@figbox=\box62
\tikz@figbox@bg=\box63
\tikz@tempbox=\box64
\tikz@tempbox@bg=\box65
\tikztreelevel=\count321
\tikznumberofchildren=\count322
\tikznumberofcurrentchild=\count323
\tikz@fig@count=\count324

(/usr/local/texlive/2026/texmf-dist/tex/generic/pgf/modules/pgfmodulematrix.cod
e.tex
File: pgfmodulematrix.code.tex 2025-08-29 v3.1.11a (3.1.11a)
\pgfmatrixcurrentrow=\count325
\pgfmatrixcurrentcolumn=\count326
\pgf@matrix@numberofcolumns=\count327
)
\tikz@expandcount=\count328

(/usr/local/texlive/2026/texmf-dist/tex/generic/pgf/frontendlayer/tikz/librarie
s/tikzlibrarytopaths.code.tex
File: tikzlibrarytopaths.code.tex 2025-08-29 v3.1.11a (3.1.11a)
)))
(/usr/local/texlive/2026/texmf-dist/tex/latex/tools/verbatim.sty
Package: verbatim 2024-01-22 v1.5x LaTeX2e package for verbatim enhancements
\every@verbatim=\toks40
\verbatim@line=\toks41
\verbatim@in@stream=\read4
)
(/usr/local/texlive/2026/texmf-dist/tex/latex/environ/environ.sty
Package: environ 2014/05/04 v0.3 A new way to define environments

(/usr/local/texlive/2026/texmf-dist/tex/latex/trimspaces/trimspaces.sty
Package: trimspaces 2009/09/17 v1.1 Trim spaces around a token list
))
(/usr/local/texlive/2026/texmf-dist/tex/latex/etoolbox/etoolbox.sty
Package: etoolbox 2025/10/02 v2.5m e-TeX tools for LaTeX (JAW)
\etb@tempcnta=\count329
)
\tcb@titlebox=\box66
\tcb@upperbox=\box67
\tcb@lowerbox=\box68
\tcb@phantombox=\box69
\c@tcbbreakpart=\count330
\c@tcblayer=\count331
\c@tcolorbox@number=\count332
\l__tcobox_tmpa_box=\box70
\l__tcobox_tmpa_dim=\dimen284
\tcb@temp=\box71
\tcb@temp=\box72
\tcb@temp=\box73
\tcb@temp=\box74

(/usr/local/texlive/2026/texmf-dist/tex/latex/tcolorbox/tcbraster.code.tex
Library (tcolorbox): 'tcbraster.code.tex' version '6.9.0'
\c@tcbrastercolumn=\count333
\c@tcbrasterrow=\count334
\c@tcbrasternum=\count335
\c@tcbraster=\count336
) (/usr/local/texlive/2026/texmf-dist/tex/latex/tcolorbox/tcbskins.code.tex
Library (tcolorbox): 'tcbskins.code.tex' version '6.9.0'
(/usr/local/texlive/2026/texmf-dist/tex/latex/tikzfill/tikzfill.image.sty
Package: tikzfill.image 2023/08/08 v1.0.1 Image filling library for TikZ

(/usr/local/texlive/2026/texmf-dist/tex/latex/tikzfill/tikzfill-common.sty
Package: tikzfill-common 2023/08/08 v1.0.1 Auxiliary code for tikzfill
)
(/usr/local/texlive/2026/texmf-dist/tex/latex/tikzfill/tikzlibraryfill.image.co
de.tex
File: tikzlibraryfill.image.code.tex 2023/08/08 v1.0.1 Image filling library
\l__tikzfill_img_box=\box75
))
(/usr/local/texlive/2026/texmf-dist/tex/latex/tcolorbox/tcbskinsjigsaw.code.tex
Library (tcolorbox): 'tcbskinsjigsaw.code.tex' version '6.9.0'
))
(/usr/local/texlive/2026/texmf-dist/tex/latex/tcolorbox/tcbbreakable.code.tex
Library (tcolorbox): 'tcbbreakable.code.tex' version '6.9.0'
(/usr/local/texlive/2026/texmf-dist/tex/latex/pdfcol/pdfcol.sty
Package: pdfcol 2022-09-21 v1.7 Handle new color stacks for pdfTeX (HO)

(/usr/local/texlive/2026/texmf-dist/tex/generic/ltxcmds/ltxcmds.sty
Package: ltxcmds 2023-12-04 v1.26 LaTeX kernel commands for general use (HO)
)
(/usr/local/texlive/2026/texmf-dist/tex/generic/infwarerr/infwarerr.sty
Package: infwarerr 2019/12/03 v1.5 Providing info/warning/error messages (HO)
))
Package pdfcol Info: New color stack `tcb@breakable' = 1 on input line 23.
\tcb@testbox=\box76
\tcb@totalupperbox=\box77
\tcb@totallowerbox=\box78
)
(/usr/local/texlive/2026/texmf-dist/tex/latex/tcolorbox/tcbhooks.code.tex
Library (tcolorbox): 'tcbhooks.code.tex' version '6.9.0'
) (/usr/local/texlive/2026/texmf-dist/tex/latex/tcolorbox/tcbtheorems.code.tex
Library (tcolorbox): 'tcbtheorems.code.tex' version '6.9.0'
) (/usr/local/texlive/2026/texmf-dist/tex/latex/tcolorbox/tcbfitting.code.tex
Library (tcolorbox): 'tcbfitting.code.tex' version '6.9.0'
\tcbfitdim=\dimen285
\tcb@lowerfitdim=\dimen286
\tcb@upperfitdim=\dimen287
\tcb@cur@hbadness=\count337
)
(/usr/local/texlive/2026/texmf-dist/tex/latex/tcolorbox/tcblistingsutf8.code.te
x
Library (tcolorbox): 'tcblistingsutf8.code.tex' version '6.9.0'
(/usr/local/texlive/2026/texmf-dist/tex/latex/tcolorbox/tcblistings.code.tex
Library (tcolorbox): 'tcblistings.code.tex' version '6.9.0'
(/usr/local/texlive/2026/texmf-dist/tex/latex/listings/listings.sty
\lst@mode=\count338
\lst@gtempboxa=\box79
\lst@token=\toks42
\lst@length=\count339
\lst@currlwidth=\dimen288
\lst@column=\count340
\lst@pos=\count341
\lst@lostspace=\dimen289
\lst@width=\dimen290
\lst@newlines=\count342
\lst@lineno=\count343
\lst@maxwidth=\dimen291

(/usr/local/texlive/2026/texmf-dist/tex/latex/listings/lstpatch.sty
File: lstpatch.sty 2025/11/14 1.11b (Carsten Heinz)
)
(/usr/local/texlive/2026/texmf-dist/tex/latex/listings/lstmisc.sty
File: lstmisc.sty 2025/11/14 1.11b (Carsten Heinz)
\c@lstnumber=\count344
\lst@skipnumbers=\count345
\lst@framebox=\box80
)
(/usr/local/texlive/2026/texmf-dist/tex/latex/listings/listings.cfg
File: listings.cfg 2025/11/14 1.11b listings configuration
))
Package: listings 2025/11/14 1.11b (Carsten Heinz)

==> First Aid for listings.sty no longer applied!
    Expected:
        2024/09/23 1.10c (Carsten Heinz)
    but found:
        2025/11/14 1.11b (Carsten Heinz)
    so I'm assuming it got fixed.

(/usr/local/texlive/2026/texmf-dist/tex/latex/tcolorbox/tcblistingscore.code.te
x
Library (tcolorbox): 'tcblistingscore.code.tex' version '6.9.0'
(/usr/local/texlive/2026/texmf-dist/tex/latex/tcolorbox/tcbprocessing.code.tex
Library (tcolorbox): 'tcbprocessing.code.tex' version '6.9.0'
)
\c@tcblisting=\count346
)) (/usr/local/texlive/2026/texmf-dist/tex/latex/listingsutf8/listingsutf8.sty
Package: listingsutf8 2019-12-10 v1.5 Allow UTF-8 in listings input (HO)
(/usr/local/texlive/2026/texmf-dist/tex/generic/pdftexcmds/pdftexcmds.sty
Package: pdftexcmds 2020-06-27 v0.33 Utility functions of pdfTeX for LuaTeX (HO
)
Package pdftexcmds Info: \pdf@primitive is available.
Package pdftexcmds Info: \pdf@ifprimitive is available.
Package pdftexcmds Info: \pdfdraftmode found.
)
(/usr/local/texlive/2026/texmf-dist/tex/generic/stringenc/stringenc.sty
Package: stringenc 2019/11/29 v1.12 Convert strings between diff. encodings (HO
)

(/usr/local/texlive/2026/texmf-dist/tex/generic/pdfescape/pdfescape.sty
Package: pdfescape 2019/12/09 v1.15 Implements pdfTeX's escape features (HO)
))))
(/usr/local/texlive/2026/texmf-dist/tex/latex/tcolorbox/tcbexternal.code.tex
Library (tcolorbox): 'tcbexternal.code.tex' version '6.9.0'
) (/usr/local/texlive/2026/texmf-dist/tex/latex/tcolorbox/tcbmagazine.code.tex
Library (tcolorbox): 'tcbmagazine.code.tex' version '6.9.0'
) (/usr/local/texlive/2026/texmf-dist/tex/latex/tcolorbox/tcbvignette.code.tex
Library (tcolorbox): 'tcbvignette.code.tex' version '6.9.0'

(/usr/local/texlive/2026/texmf-dist/tex/generic/pgf/frontendlayer/tikz/librarie
s/tikzlibraryfadings.code.tex
File: tikzlibraryfadings.code.tex 2025-08-29 v3.1.11a (3.1.11a)

(/usr/local/texlive/2026/texmf-dist/tex/generic/pgf/libraries/pgflibraryfadings
.code.tex
File: pgflibraryfadings.code.tex 2025-08-29 v3.1.11a (3.1.11a)
)))
(/usr/local/texlive/2026/texmf-dist/tex/latex/tcolorbox/tcbposter.code.tex
Library (tcolorbox): 'tcbposter.code.tex' version '6.9.0'
))
(/usr/local/texlive/2026/texmf-dist/tex/generic/pgf/frontendlayer/tikz/librarie
s/tikzlibrarycalc.code.tex
File: tikzlibrarycalc.code.tex 2025-08-29 v3.1.11a (3.1.11a)
)
(/usr/local/texlive/2026/texmf-dist/tex/latex/enumitem/enumitem.sty
Package: enumitem 2025/02/06 v3.11 Customized lists
\labelindent=\skip68
\enit@outerparindent=\dimen292
\enit@toks=\toks43
\enit@inbox=\box81
\enit@count@id=\count347
\enitdp@description=\count348
)
(/usr/local/texlive/2026/texmf-dist/tex/latex/tools/multicol.sty
Package: multicol 2025/10/21 v2.0b multicolumn formatting (FMi)
\c@tracingmulticols=\count349
\mult@box=\box82
\multicol@leftmargin=\dimen293
\c@unbalance=\count350
\c@collectmore=\count351
\doublecol@number=\count352
\multicoltolerance=\count353
\multicolpretolerance=\count354
\full@width=\dimen294
\page@free=\dimen295
\premulticols=\dimen296
\postmulticols=\dimen297
\multicolsep=\skip69
\multicolbaselineskip=\skip70
\partial@page=\box83
\last@line=\box84
\mc@boxedresult=\box85
\maxbalancingoverflow=\dimen298
\mult@rightbox=\box86
\mult@grightbox=\box87
\mult@firstbox=\box88
\mult@gfirstbox=\box89
\@tempa=\box90
\@tempa=\box91
\@tempa=\box92
\@tempa=\box93
\@tempa=\box94
\@tempa=\box95
\@tempa=\box96
\@tempa=\box97
\@tempa=\box98
\@tempa=\box99
\@tempa=\box100
\@tempa=\box101
\@tempa=\box102
\@tempa=\box103
\@tempa=\box104
\@tempa=\box105
\@tempa=\box106
\@tempa=\box107
\@tempa=\box108
\@tempa=\box109
\@tempa=\box110
\@tempa=\box111
\@tempa=\box112
\@tempa=\box113
\@tempa=\box114
\@tempa=\box115
\@tempa=\box116
\@tempa=\box117
\@tempa=\box118
\@tempa=\box119
\@tempa=\box120
\@tempa=\box121
\@tempa=\box122
\@tempa=\box123
\@tempa=\box124
\@tempa=\box125
\c@minrows=\count355
\c@columnbadness=\count356
\c@finalcolumnbadness=\count357
\last@try=\dimen299
\multicolovershoot=\dimen300
\multicolundershoot=\dimen301
\mult@nat@firstbox=\box126
\colbreak@box=\box127
\mc@col@check@num=\count358
\g__mc_curr_col_int=\count359
)
(/usr/local/texlive/2026/texmf-dist/tex/latex/tools/array.sty
Package: array 2025/09/25 v2.6n Tabular extension package (FMi)
\col@sep=\dimen302
\ar@mcellbox=\box128
\extrarowheight=\dimen303
\NC@list=\toks44
\extratabsurround=\skip71
\backup@length=\skip72
\ar@cellbox=\box129
)
(/usr/local/texlive/2026/texmf-dist/tex/latex/tools/tabularx.sty
Package: tabularx 2023/12/11 v2.12a `tabularx' package (DPC)
\TX@col@width=\dimen304
\TX@old@table=\dimen305
\TX@old@col=\dimen306
\TX@target=\dimen307
\TX@delta=\dimen308
\TX@cols=\count360
\TX@ftn=\toks45
)
(/usr/local/texlive/2026/texmf-dist/tex/latex/booktabs/booktabs.sty
Package: booktabs 2020/01/12 v1.61803398 Publication quality tables
\heavyrulewidth=\dimen309
\lightrulewidth=\dimen310
\cmidrulewidth=\dimen311
\belowrulesep=\dimen312
\belowbottomsep=\dimen313
\aboverulesep=\dimen314
\abovetopsep=\dimen315
\cmidrulesep=\dimen316
\cmidrulekern=\dimen317
\defaultaddspace=\dimen318
\@cmidla=\count361
\@cmidlb=\count362
\@aboverulesep=\dimen319
\@belowrulesep=\dimen320
\@thisruleclass=\count363
\@lastruleclass=\count364
\@thisrulewidth=\dimen321
)
(/usr/local/texlive/2026/texmf-dist/tex/latex/microtype/microtype.sty
Package: microtype 2026/03/01 v3.2d Micro-typographical refinements (RS)
\MT@toks=\toks46
\MT@tempbox=\box130
\MT@count=\count365
LaTeX Info: Redefining \noprotrusionifhmode on input line 1084.
LaTeX Info: Redefining \leftprotrusion on input line 1085.
\MT@prot@toks=\toks47
LaTeX Info: Redefining \rightprotrusion on input line 1104.
LaTeX Info: Redefining \textls on input line 1449.
\MT@outer@kern=\dimen322
LaTeX Info: Redefining \microtypecontext on input line 2053.
LaTeX Info: Redefining \textmicrotypecontext on input line 2070.
\MT@listname@count=\count366

(/usr/local/texlive/2026/texmf-dist/tex/latex/microtype/microtype-pdftex.def
File: microtype-pdftex.def 2026/03/01 v3.2d Definitions specific to pdftex (RS)

LaTeX Info: Redefining \lsstyle on input line 944.
LaTeX Info: Redefining \lslig on input line 944.
\MT@outer@space=\skip73
)
Package microtype Info: Loading configuration file microtype.cfg.

(/usr/local/texlive/2026/texmf-dist/tex/latex/microtype/microtype.cfg
File: microtype.cfg 2026/03/01 v3.2d microtype main configuration file (RS)
)
LaTeX Info: Redefining \microtypesetup on input line 3065.
)
(/usr/local/texlive/2026/texmf-dist/tex/latex/hyperref/hyperref.sty
Package: hyperref 2026-01-29 v7.01p Hypertext links for LaTeX

(/usr/local/texlive/2026/texmf-dist/tex/latex/kvsetkeys/kvsetkeys.sty
Package: kvsetkeys 2022-10-05 v1.19 Key value parser (HO)
)
(/usr/local/texlive/2026/texmf-dist/tex/generic/kvdefinekeys/kvdefinekeys.sty
Package: kvdefinekeys 2019-12-19 v1.6 Define keys (HO)
)
(/usr/local/texlive/2026/texmf-dist/tex/latex/hycolor/hycolor.sty
Package: hycolor 2020-01-27 v1.10 Color options for hyperref/bookmark (HO)
)
(/usr/local/texlive/2026/texmf-dist/tex/latex/hyperref/nameref.sty
Package: nameref 2026-01-29 v2.58 Cross-referencing by name of section

(/usr/local/texlive/2026/texmf-dist/tex/latex/refcount/refcount.sty
Package: refcount 2019/12/15 v3.6 Data extraction from label references (HO)
)
(/usr/local/texlive/2026/texmf-dist/tex/generic/gettitlestring/gettitlestring.s
ty
Package: gettitlestring 2019/12/15 v1.6 Cleanup title references (HO)
 (/usr/local/texlive/2026/texmf-dist/tex/latex/kvoptions/kvoptions.sty
Package: kvoptions 2022-06-15 v3.15 Key value format for package options (HO)
))
\c@section@level=\count367
)
\@linkdim=\dimen323
\Hy@linkcounter=\count368
\Hy@pagecounter=\count369

(/usr/local/texlive/2026/texmf-dist/tex/latex/hyperref/pd1enc.def
File: pd1enc.def 2026-01-29 v7.01p Hyperref: PDFDocEncoding definition (HO)
Now handling font encoding PD1 ...
... no UTF-8 mapping file for font encoding PD1
)
(/usr/local/texlive/2026/texmf-dist/tex/generic/intcalc/intcalc.sty
Package: intcalc 2019/12/15 v1.3 Expandable calculations with integers (HO)
)
\Hy@SavedSpaceFactor=\count370

(/usr/local/texlive/2026/texmf-dist/tex/latex/hyperref/puenc.def
File: puenc.def 2026-01-29 v7.01p Hyperref: PDF Unicode definition (HO)
Now handling font encoding PU ...
... no UTF-8 mapping file for font encoding PU
)
Package hyperref Info: Hyper figures OFF on input line 4201.
Package hyperref Info: Link nesting OFF on input line 4206.
Package hyperref Info: Hyper index ON on input line 4209.
Package hyperref Info: Plain pages OFF on input line 4216.
Package hyperref Info: Backreferencing OFF on input line 4221.
Package hyperref Info: Implicit mode ON; LaTeX internals redefined.
Package hyperref Info: Bookmarks ON on input line 4468.
\c@Hy@tempcnt=\count371

(/usr/local/texlive/2026/texmf-dist/tex/latex/url/url.sty
\Urlmuskip=\muskip18
Package: url 2013/09/16  ver 3.4  Verb mode for urls, etc.
)
LaTeX Info: Redefining \url on input line 4807.
\XeTeXLinkMargin=\dimen324

(/usr/local/texlive/2026/texmf-dist/tex/generic/bitset/bitset.sty
Package: bitset 2019/12/09 v1.3 Handle bit-vector datatype (HO)

(/usr/local/texlive/2026/texmf-dist/tex/generic/bigintcalc/bigintcalc.sty
Package: bigintcalc 2019/12/15 v1.5 Expandable calculations on big integers (HO
)
))
\Fld@menulength=\count372
\Field@Width=\dimen325
\Fld@charsize=\dimen326
Package hyperref Info: Hyper figures OFF on input line 6084.
Package hyperref Info: Link nesting OFF on input line 6089.
Package hyperref Info: Hyper index ON on input line 6092.
Package hyperref Info: backreferencing OFF on input line 6099.
Package hyperref Info: Link coloring OFF on input line 6104.
Package hyperref Info: Link coloring with OCG OFF on input line 6109.
Package hyperref Info: PDF/A mode OFF on input line 6114.
\Hy@abspage=\count373
\c@Item=\count374
\c@Hfootnote=\count375
)
Package hyperref Info: Driver (autodetected): hpdftex.

(/usr/local/texlive/2026/texmf-dist/tex/latex/hyperref/hpdftex.def
File: hpdftex.def 2026-01-29 v7.01p Hyperref driver for pdfTeX
\Fld@listcount=\count376
\c@bookmark@seq@number=\count377

(/usr/local/texlive/2026/texmf-dist/tex/latex/rerunfilecheck/rerunfilecheck.sty
Package: rerunfilecheck 2025-06-21 v1.11 Rerun checks for auxiliary files (HO)

(/usr/local/texlive/2026/texmf-dist/tex/generic/uniquecounter/uniquecounter.sty
Package: uniquecounter 2019/12/15 v1.4 Provide unlimited unique counter (HO)
)
Package uniquecounter Info: New unique counter `rerunfilecheck' on input line 2
84.
)
\Hy@SectionHShift=\skip74
)
Package hyperref Info: Option `colorlinks' set `true' on input line 27.
\c@cnum=\count378
Package french3.ldf Info: Setting StandardItemizeEnv=true for
(french3.ldf)             compatibility with enumitem package,
(french3.ldf)             reported on input line 124.
Package french3.ldf Info: Setting StandardEnumerateEnv=true for
(french3.ldf)             compatibility with enumitem package,
(french3.ldf)             reported on input line 124.

(/usr/local/texlive/2026/texmf-dist/tex/latex/l3backend/l3backend-pdftex.def
File: l3backend-pdftex.def 2025-10-09 L3 backend support: PDF output (pdfTeX)
\l__color_backend_stack_int=\count379
)
No file cahier-calcul-2nde-pro.aux.
\openout1 = `cahier-calcul-2nde-pro.aux'.

LaTeX Font Info:    Checking defaults for OML/cmm/m/it on input line 124.
LaTeX Font Info:    ... okay on input line 124.
LaTeX Font Info:    Checking defaults for OMS/cmsy/m/n on input line 124.
LaTeX Font Info:    ... okay on input line 124.
LaTeX Font Info:    Checking defaults for OT1/cmr/m/n on input line 124.
LaTeX Font Info:    ... okay on input line 124.
LaTeX Font Info:    Checking defaults for T1/cmr/m/n on input line 124.
LaTeX Font Info:    ... okay on input line 124.
LaTeX Font Info:    Checking defaults for TS1/cmr/m/n on input line 124.
LaTeX Font Info:    ... okay on input line 124.
LaTeX Font Info:    Checking defaults for OMX/cmex/m/n on input line 124.
LaTeX Font Info:    ... okay on input line 124.
LaTeX Font Info:    Checking defaults for U/cmr/m/n on input line 124.
LaTeX Font Info:    ... okay on input line 124.
LaTeX Font Info:    Checking defaults for PD1/pdf/m/n on input line 124.
LaTeX Font Info:    ... okay on input line 124.
LaTeX Font Info:    Checking defaults for PU/pdf/m/n on input line 124.
LaTeX Font Info:    ... okay on input line 124.
Package babel Info: 'french' activates 'french' shorthands.
(babel)             Reported on input line 124.
LaTeX Info: Redefining \degres on input line 124.
*geometry* driver: auto-detecting
*geometry* detected driver: pdftex
*geometry* verbose mode - [ preamble ] result:
* driver: pdftex
* paper: a4paper
* layout: <same size as paper>
* layoutoffset:(h,v)=(0.0pt,0.0pt)
* modes: twoside 
* h-part:(L,W,R)=(51.21504pt, 495.07779pt, 51.21504pt)
* v-part:(T,H,B)=(45.52458pt, 748.30722pt, 51.21504pt)
* \paperwidth=597.50787pt
* \paperheight=845.04684pt
* \textwidth=495.07779pt
* \textheight=748.30722pt
* \oddsidemargin=-21.05495pt
* \evensidemargin=-21.05495pt
* \topmargin=-58.6192pt
* \headheight=12.0pt
* \headsep=19.8738pt
* \topskip=11.0pt
* \footskip=27.46295pt
* \marginparwidth=106.0pt
* \marginparsep=7.0pt
* \columnsep=10.0pt
* \skip\footins=10.0pt plus 4.0pt minus 2.0pt
* \hoffset=0.0pt
* \voffset=0.0pt
* \mag=1000
* \@twocolumnfalse
* \@twosidetrue
* \@mparswitchtrue
* \@reversemarginfalse
* (1in=72.27pt=25.4mm, 1cm=28.453pt)

(/usr/local/texlive/2026/texmf-dist/tex/context/base/mkii/supp-pdf.mkii
[Loading MPS to PDF converter (version 2006.09.02).]
\scratchcounter=\count380
\scratchdimen=\dimen327
\scratchbox=\box131
\nofMPsegments=\count381
\nofMParguments=\count382
\everyMPshowfont=\toks48
\MPscratchCnt=\count383
\MPscratchDim=\dimen328
\MPnumerator=\count384
\makeMPintoPDFobject=\count385
\everyMPtoPDFconversion=\toks49
) (/usr/local/texlive/2026/texmf-dist/tex/latex/epstopdf-pkg/epstopdf-base.sty
Package: epstopdf-base 2020-01-24 v2.11 Base part for package epstopdf
Package epstopdf-base Info: Redefining graphics rule for `.eps' on input line 4
85.

(/usr/local/texlive/2026/texmf-dist/tex/latex/latexconfig/epstopdf-sys.cfg
File: epstopdf-sys.cfg 2010/07/13 v1.3 Configuration of (r)epstopdf for TeX Liv
e
))
\c@lstlisting=\count386
LaTeX Info: Redefining \microtypecontext on input line 124.
Package microtype Info: Applying patch `item' on input line 124.
Package microtype Info: Applying patch `toc' on input line 124.
Package microtype Info: Applying patch `eqnum' on input line 124.
Package microtype Info: Applying patch `footnote' on input line 124.
Package microtype Info: Applying patch `verbatim' on input line 124.
LaTeX Info: Redefining \microtypesetup on input line 124.
Package microtype Info: Generating PDF output.
Package microtype Info: Character protrusion enabled (level 2).
Package microtype Info: Using default protrusion set `alltext'.
Package microtype Info: Automatic font expansion enabled (level 2),
(microtype)             stretch: 20, shrink: 20, step: 1, non-selected.
Package microtype Info: Using default expansion set `alltext-nott'.
Package microtype Info: Patching command `\showhyphens'.
Package microtype Info: No adjustment of tracking.
Package microtype Info: No adjustment of interword spacing.
Package microtype Info: No adjustment of character kerning.

(/usr/local/texlive/2026/texmf-dist/tex/latex/microtype/mt-cmr.cfg
File: mt-cmr.cfg 2013/05/19 v2.2 microtype config. file: Computer Modern Roman 
(RS)
)
Package hyperref Info: Link coloring ON on input line 124.
\@outlinefile=\write4
\openout4 = `cahier-calcul-2nde-pro.out'.

LaTeX Font Info:    Trying to load font information for U+msa on input line 142
.

(/usr/local/texlive/2026/texmf-dist/tex/latex/amsfonts/umsa.fd
File: umsa.fd 2013/01/14 v3.01 AMS symbols A
)
(/usr/local/texlive/2026/texmf-dist/tex/latex/microtype/mt-msa.cfg
File: mt-msa.cfg 2006/02/04 v1.1 microtype config. file: AMS symbols (a) (RS)
)
LaTeX Font Info:    Trying to load font information for U+msb on input line 142
.

(/usr/local/texlive/2026/texmf-dist/tex/latex/amsfonts/umsb.fd
File: umsb.fd 2013/01/14 v3.01 AMS symbols B
)
(/usr/local/texlive/2026/texmf-dist/tex/latex/microtype/mt-msb.cfg
File: mt-msb.cfg 2005/06/01 v1.0 microtype config. file: AMS symbols (b) (RS)
) [1


{/usr/local/texlive/2026/texmf-var/fonts/map/pdftex/updmap/pdftex.map}{/usr/loc
al/texlive/2026/texmf-dist/fonts/enc/dvips/cm-super/cm-super-t1.enc}]

LaTeX Warning: Reference `f:01' on page 2 undefined on input line 159.


LaTeX Warning: Reference `f:02' on page 2 undefined on input line 160.


LaTeX Warning: Reference `f:03' on page 2 undefined on input line 161.


LaTeX Warning: Reference `f:04' on page 2 undefined on input line 162.


LaTeX Warning: Reference `f:05' on page 2 undefined on input line 163.


LaTeX Warning: Reference `f:06' on page 2 undefined on input line 164.


LaTeX Warning: Reference `f:07' on page 2 undefined on input line 165.


LaTeX Warning: Reference `f:08' on page 2 undefined on input line 166.


LaTeX Warning: Reference `f:09' on page 2 undefined on input line 167.


LaTeX Warning: Reference `f:10' on page 2 undefined on input line 168.


LaTeX Warning: Reference `f:11' on page 2 undefined on input line 169.


LaTeX Warning: Reference `f:12' on page 2 undefined on input line 170.


LaTeX Warning: Reference `f:13' on page 2 undefined on input line 171.


LaTeX Warning: Reference `f:14' on page 2 undefined on input line 172.


Underfull \hbox (badness 10000) in paragraph at lines 159--173

 []


LaTeX Warning: Reference `f:15' on page 2 undefined on input line 176.


LaTeX Warning: Reference `f:16' on page 2 undefined on input line 177.


LaTeX Warning: Reference `f:17' on page 2 undefined on input line 178.


LaTeX Warning: Reference `f:18' on page 2 undefined on input line 179.


LaTeX Warning: Reference `f:19' on page 2 undefined on input line 180.


LaTeX Warning: Reference `f:20' on page 2 undefined on input line 181.


LaTeX Warning: Reference `f:21' on page 2 undefined on input line 182.


LaTeX Warning: Reference `f:22' on page 2 undefined on input line 183.


LaTeX Warning: Reference `f:23' on page 2 undefined on input line 184.


LaTeX Warning: Reference `f:24' on page 2 undefined on input line 185.


Underfull \hbox (badness 10000) in paragraph at lines 176--186

 []

[2

]

LaTeX Warning: Reference `f:25' on page 3 undefined on input line 191.


LaTeX Warning: Reference `f:26' on page 3 undefined on input line 192.


LaTeX Warning: Reference `f:27' on page 3 undefined on input line 193.


LaTeX Warning: Reference `f:28' on page 3 undefined on input line 194.


LaTeX Warning: Reference `f:29' on page 3 undefined on input line 195.


LaTeX Warning: Reference `f:30' on page 3 undefined on input line 196.


LaTeX Warning: Reference `f:31' on page 3 undefined on input line 197.


LaTeX Warning: Reference `f:32' on page 3 undefined on input line 198.


LaTeX Warning: Reference `f:33' on page 3 undefined on input line 199.


LaTeX Warning: Reference `f:34' on page 3 undefined on input line 200.


Underfull \hbox (badness 10000) in paragraph at lines 191--201

 []


LaTeX Warning: Reference `f:35' on page 3 undefined on input line 204.


LaTeX Warning: Reference `f:36' on page 3 undefined on input line 205.


LaTeX Warning: Reference `f:37' on page 3 undefined on input line 206.


LaTeX Warning: Reference `f:38' on page 3 undefined on input line 207.


LaTeX Warning: Reference `f:39' on page 3 undefined on input line 208.


LaTeX Warning: Reference `f:40' on page 3 undefined on input line 209.


LaTeX Warning: Reference `f:41' on page 3 undefined on input line 210.


LaTeX Warning: Reference `f:42' on page 3 undefined on input line 211.


LaTeX Warning: Reference `f:43' on page 3 undefined on input line 212.


LaTeX Warning: Reference `f:44' on page 3 undefined on input line 213.


LaTeX Warning: Reference `f:45' on page 3 undefined on input line 214.


LaTeX Warning: Reference `f:46' on page 3 undefined on input line 215.


Underfull \hbox (badness 10000) in paragraph at lines 204--216

 []


LaTeX Warning: Reference `f:47' on page 3 undefined on input line 219.


LaTeX Warning: Reference `f:48' on page 3 undefined on input line 220.


LaTeX Warning: Reference `f:49' on page 3 undefined on input line 221.


LaTeX Warning: Reference `f:50' on page 3 undefined on input line 222.


Underfull \hbox (badness 10000) in paragraph at lines 219--223

 []


LaTeX Warning: Reference `formulaire' on page 3 undefined on input line 225.

[3

] [4


] [5

]
Package microtype Info: Loading generic protrusion settings for font family
(microtype)             `cmtt' (encoding: T1).
(microtype)             For optimal results, create family-specific settings.
(microtype)             See the microtype manual for details.
 [6

]

LaTeX Warning: Reference `corr:P1' on page 7 undefined on input line 295.

[7

] [8

]
Underfull \hbox (badness 1546) in paragraph at lines 328--328
[]\T1/cmr/m/n/10.95 (+20) a) $\OML/cmm/m/it/10.95 T \OT1/cmr/m/n/10.95 (+20) = 
5$\T1/cmr/m/n/10.95 (+20) , baisse $\OT1/cmr/m/n/10.95 (+20) 8$\T1/cmr/m/n/10.9
5 (+20) . $\OML/cmm/m/it/10.95 T \OT1/cmr/m/n/10.95 (+20) =$
 []


LaTeX Warning: Reference `corr:P1' on page 9 undefined on input line 338.

[9

] [10

]

LaTeX Warning: Reference `corr:P1' on page 11 undefined on input line 375.

[11

]
Underfull \hbox (badness 3088) in paragraph at lines 383--383
[]\T1/cmr/m/n/10.95 (+20) d) $\OT1/cmr/m/n/10.95 (+20) (\OMS/cmsy/m/n/10.95 ^^@
\OT1/cmr/m/n/10.95 (+20) 2  +  3)  \OMS/cmsy/m/n/10.95 ^^@  \OT1/cmr/m/n/10.95 
(+20) ((\OMS/cmsy/m/n/10.95 ^^@\OT1/cmr/m/n/10.95 (+20) 5)  \OMS/cmsy/m/n/10.95
 ^^@  \OT1/cmr/m/n/10.95 (+20) (\OMS/cmsy/m/n/10.95 ^^@\OT1/cmr/m/n/10.95 (+20)
 9))$
 []

[12

]

LaTeX Warning: Reference `corr:P1' on page 13 undefined on input line 412.

[13

] [14

]

LaTeX Warning: Reference `corr:P1' on page 15 undefined on input line 449.

[15

] [16

]

LaTeX Warning: Reference `corr:P1' on page 17 undefined on input line 486.

[17

] [18

]

LaTeX Warning: Reference `corr:P1' on page 19 undefined on input line 523.

[19

] [20

]

LaTeX Warning: Reference `corr:P1' on page 21 undefined on input line 560.

[21

{/usr/local/texlive/2026/texmf-dist/fonts/enc/dvips/cm-super/cm-super-ts1.enc}]
 [22

]

LaTeX Warning: Reference `corr:P1' on page 23 undefined on input line 597.

[23

]
Underfull \hbox (badness 2065) in paragraph at lines 623--623
[]\T1/cmr/m/n/10.95 (+20) b) $\OT1/cmr/m/n/10.95 (+20) 5 \OMS/cmsy/m/n/10.95 ^^
B \OT1/cmr/m/n/10.95 (+20) 10[]$ \T1/cmr/m/n/10.95 (+20) ou $\OT1/cmr/m/n/10.95
 (+20) 2 \OMS/cmsy/m/n/10.95 ^^B \OT1/cmr/m/n/10.95 (+20) 10[]$ \T1/cmr/m/n/10.
95 (+20) ?
 []


Underfull \hbox (badness 1859) in paragraph at lines 623--623
[]\T1/cmr/m/n/10.95 (+20) d) $\OT1/cmr/m/n/10.95 (+20) 4[]5 \OMS/cmsy/m/n/10.95
 ^^B \OT1/cmr/m/n/10.95 (+20) 10[]$ \T1/cmr/m/n/10.95 (+20) ou $\OT1/cmr/m/n/10
.95 (+20) 45 \OMS/cmsy/m/n/10.95 ^^B \OT1/cmr/m/n/10.95 (+20) 10[]$ \T1/cmr/m/n
/10.95 (+20) ?
 []


Underfull \hbox (badness 2293) in paragraph at lines 623--623
[]\T1/cmr/m/n/10.95 (+20) f) $\OT1/cmr/m/n/10.95 (+20) 0[]5 \OMS/cmsy/m/n/10.95
 ^^B \OT1/cmr/m/n/10.95 (+20) 10[]$ \T1/cmr/m/n/10.95 (+20) ou $\OT1/cmr/m/n/10
.95 (+20) 50 \OMS/cmsy/m/n/10.95 ^^B \OT1/cmr/m/n/10.95 (+20) 10[]$ \T1/cmr/m/n
/10.95 (+20) ?
 []

[24

]
Underfull \hbox (badness 10000) in paragraph at lines 627--627
[]\T1/cmr/m/n/10.95 (+20) a) Lu-mičre : $\OT1/cmr/m/n/10.95 (+20) 300 000$\T1/c
mr/m/n/10.95 (+20) km/s
 []


Underfull \hbox (badness 2111) in paragraph at lines 627--627
[]\T1/cmr/m/n/10.95 (+20) c) Terre : $\OT1/cmr/m/n/10.95 (+20) 5 970 000  []$\T
1/cmr/m/n/10.95 (+20) kg $\OMS/cmsy/m/n/10.95 ^^Y$
 []


Underfull \hbox (badness 10000) in paragraph at lines 627--627
[]\T1/cmr/m/n/10.95 (+20) e) Bac-té-rie : $\OT1/cmr/m/n/10.95 (+20) 0[]000 001$
\T1/cmr/m/n/10.95 (+20) m
 []


Underfull \hbox (badness 4634) in paragraph at lines 627--627
[]\T1/cmr/m/n/10.95 (+20) f) Avo-ga-dro $\OMS/cmsy/m/n/10.95 ^^Y \OT1/cmr/m/n/1
0.95 (+20) 6[]02 \OMS/cmsy/m/n/10.95 ^^B \OT1/cmr/m/n/10.95 (+20) 10[]$
 []


LaTeX Warning: Reference `corr:P1' on page 25 undefined on input line 634.

[25

] [26

]
Underfull \hbox (badness 10000) in paragraph at lines 668--668
[]\T1/cmr/m/n/10.95 (+20) a) $\OT1/cmr/m/n/10.95 (+20) 300 000$\T1/cmr/m/n/10.9
5 (+20) km/s en m/s
 []


Underfull \hbox (badness 2158) in paragraph at lines 668--668
[]\T1/cmr/m/n/10.95 (+20) b) Atome : $\OT1/cmr/m/n/10.95 (+20) 10[]$\T1/cmr/m/n
/10.95 (+20) m en nm
 []


Underfull \hbox (badness 1953) in paragraph at lines 668--668
[]\T1/cmr/m/n/10.95 (+20) c) Masse Terre : ex-po-sant ?
 []


Underfull \hbox (badness 10000) in paragraph at lines 668--668
[]\T1/cmr/m/n/10.95 (+20) f) Avo-ga-dro : ex-po-sant ?
 []


LaTeX Warning: Reference `corr:P1' on page 27 undefined on input line 671.

[27

] [28

]
Underfull \hbox (badness 3590) in paragraph at lines 705--705
[]\T1/cmr/m/n/10.95 (+20) e) $\OT1/cmr/m/n/10.95 (+20) (10[] + 10[])$ \T1/cmr/m
/n/10.95 (+20) en not. sci.
 []


Underfull \hbox (badness 3907) in paragraph at lines 705--705
[]\T1/cmr/m/n/10.95 (+20) f) $\OT1/cmr/m/n/10.95 (+20) (10[] \OMS/cmsy/m/n/10.9
5 ^^@ \OT1/cmr/m/n/10.95 (+20) 10[])$ \T1/cmr/m/n/10.95 (+20) en not. sci.
 []


LaTeX Warning: Reference `corr:P1' on page 29 undefined on input line 708.

[29

] [30

]

LaTeX Warning: Reference `corr:P1' on page 31 undefined on input line 745.

[31

] [32

]

LaTeX Warning: Reference `corr:P1' on page 33 undefined on input line 782.

[33

] [34


] [35] [36] [37

] [38

]

LaTeX Warning: Reference `corr:P2' on page 39 undefined on input line 969.

[39

] [40

]
Underfull \hbox (badness 2512) in paragraph at lines 987--987
[]\T1/cmr/m/n/10.95 (+20) f) $\OML/cmm/m/it/10.95 x[] \OMS/cmsy/m/n/10.95 ^^@ \
OML/cmm/m/it/10.95 y[] \OT1/cmr/m/n/10.95 (+20) = (\OML/cmm/m/it/10.95 x \OMS/c
msy/m/n/10.95 ^^@ \OML/cmm/m/it/10.95 y\OT1/cmr/m/n/10.95 (+20) )([])$
 []


LaTeX Warning: Reference `corr:P2' on page 41 undefined on input line 989.

[41

] [42

]

LaTeX Warning: Reference `corr:P2' on page 43 undefined on input line 1009.

[43

]
Underfull \hbox (badness 1102) in paragraph at lines 1020--1020
[]\T1/cmr/m/n/10.95 (+20) e) $\OT1/cmr/m/n/10.95 (+20) (\OML/cmm/m/it/10.95 a \
OT1/cmr/m/n/10.95 (+20) + \OML/cmm/m/it/10.95 b\OT1/cmr/m/n/10.95 (+20) )[] \OM
S/cmsy/m/n/10.95 ^^@ \OT1/cmr/m/n/10.95 (+20) (\OML/cmm/m/it/10.95 a \OT1/cmr/m
/n/10.95 (+20) + \OML/cmm/m/it/10.95 b\OT1/cmr/m/n/10.95 (+20) )(\OML/cmm/m/it/
10.95 a \OMS/cmsy/m/n/10.95 ^^@ \OML/cmm/m/it/10.95 b\OT1/cmr/m/n/10.95 (+20) )
$
 []

[44

]

LaTeX Warning: Reference `corr:P2' on page 45 undefined on input line 1029.

[45

] [46

]

LaTeX Warning: Reference `corr:P2' on page 47 undefined on input line 1049.

[47

] [48

]

LaTeX Warning: Reference `corr:P2' on page 49 undefined on input line 1069.

[49

] [50

]

LaTeX Warning: Reference `corr:P2' on page 51 undefined on input line 1089.

[51

]
Underfull \hbox (badness 1412) in paragraph at lines 1103--1103
[]\T1/cmr/m/n/10.95 (+20) c) Carré côté $\OML/cmm/m/it/10.95 x$\T1/cmr/m/n/10.9
5 (+20) , aire $\OT1/cmr/m/n/10.95 (+20) = 49$
 []


Underfull \hbox (badness 3930) in paragraph at lines 1103--1103
[]\T1/cmr/m/n/10.95 (+20) f) Pé-ri-mčtre lo-sange $\OT1/cmr/m/n/10.95 (+20) = 5
2$
 []

[52

]

LaTeX Warning: Reference `corr:P2' on page 53 undefined on input line 1109.

[53

] [54

]

LaTeX Warning: Reference `corr:P2' on page 55 undefined on input line 1129.

[55

]
Underfull \hbox (badness 1515) in paragraph at lines 1143--1143
[]\T1/cmr/m/n/10.95 (+20) b) $\OT1/cmr/m/n/10.95 (+20) 3\OML/cmm/m/it/10.95 x \
OT1/cmr/m/n/10.95 (+20) + 10 \OML/cmm/m/it/10.95 > \OT1/cmr/m/n/10.95 (+20) 40$
\T1/cmr/m/n/10.95 (+20) . $\OML/cmm/m/it/10.95 x[] \OT1/cmr/m/n/10.95 (+20) =$
 []


Underfull \hbox (badness 1389) in paragraph at lines 1143--1143
[]\T1/cmr/m/n/10.95 (+20) e) $\OT1/cmr/m/n/10.95 (+20) 2\OML/cmm/m/it/10.95 x \
OT1/cmr/m/n/10.95 (+20) + 3\OML/cmm/m/it/10.95 x \U/msa/m/n/10.95 6 \OT1/cmr/m/
n/10.95 (+20) 75$\T1/cmr/m/n/10.95 (+20) . $\OML/cmm/m/it/10.95 x[] \OT1/cmr/m/
n/10.95 (+20) =$
 []


Underfull \hbox (badness 1789) in paragraph at lines 1143--1143
[]\T1/cmr/m/n/10.95 (+20) f) $\OT1/cmr/m/n/10.95 (+20) 12\OML/cmm/m/it/10.95 x 
\OMS/cmsy/m/n/10.95 ^^@ \OT1/cmr/m/n/10.95 (+20) 30 \OML/cmm/m/it/10.95 > \OT1/
cmr/m/n/10.95 (+20) 0$\T1/cmr/m/n/10.95 (+20) . $\OML/cmm/m/it/10.95 x[] \OT1/c
mr/m/n/10.95 (+20) =$
 []

[56

]

LaTeX Warning: Reference `corr:P2' on page 57 undefined on input line 1149.

[57

] [58


] [59

] [60

]
Underfull \hbox (badness 6575) in paragraph at lines 1219--1219
[]\T1/cmr/m/n/10.95 (+20) a) 3L pour 12m$[]$, 20m$[]$ ?
 []


Underfull \hbox (badness 10000) in paragraph at lines 1219--1219
[]\T1/cmr/m/n/10.95 (+20) d) 45\TS1/cmr/m/n/10.95 (+20) ż \T1/cmr/m/n/10.95 (+2
0) pour 5m, 8m ?
 []


Underfull \hbox (badness 8000) in paragraph at lines 1219--1219
[]\T1/cmr/m/n/10.95 (+20) e) 250g pour 2m$[]$, 5m$[]$ ?
 []


Underfull \hbox (badness 2671) in paragraph at lines 1219--1219
[]\T1/cmr/m/n/10.95 (+20) f) 15 vis pour 3 étag., 7 ?
 []


Underfull \hbox (badness 4454) in paragraph at lines 1221--1221
[]\T1/cmr/m/n/10.95 (+20) e) Co-eff $\OT1/cmr/m/n/10.95 (+20) = 0[]5$\T1/cmr/m/
n/10.95 (+20) , $\OML/cmm/m/it/10.95 f\OT1/cmr/m/n/10.95 (+20) (10) =$
 []


LaTeX Warning: Reference `corr:P3' on page 61 undefined on input line 1223.

[61

]
Underfull \hbox (badness 10000) in paragraph at lines 1234--1234
[]\T1/cmr/m/n/10.95 (+20) c) $[]$, pičce 8m $\OMS/cmsy/m/n/10.95 !$ \T1/cmr/m/n
/10.95 (+20) ?cm
 []


Underfull \hbox (badness 4303) in paragraph at lines 1234--1234
[]\T1/cmr/m/n/10.95 (+20) d) Plan 10cm $\OT1/cmr/m/n/10.95 (+20) =$ \T1/cmr/m/n
/10.95 (+20) réel 5m.
 []


Underfull \hbox (badness 1603) in paragraph at lines 1234--1234
[]\T1/cmr/m/n/10.95 (+20) e) $[]$, ter-rain 75m $\OMS/cmsy/m/n/10.95 !$ \T1/cmr
/m/n/10.95 (+20) ?cm
 []


Underfull \hbox (badness 1122) in paragraph at lines 1237--1237
[]\T1/cmr/m/n/10.95 (+20) c) 1,5L pein-ture pour 12m$[]$.
 []

[62

]
Underfull \hbox (badness 2662) in paragraph at lines 1239--1239
[]\T1/cmr/m/n/10.95 (+20) a) $\OML/cmm/m/it/10.95 x$ \T1/cmr/m/n/10.95 (+20) : 
2,4,6 / $\OML/cmm/m/it/10.95 y$ \T1/cmr/m/n/10.95 (+20) : 6,12,18
 []


Underfull \hbox (badness 2582) in paragraph at lines 1239--1239
[]\T1/cmr/m/n/10.95 (+20) d) $\OML/cmm/m/it/10.95 x$ \T1/cmr/m/n/10.95 (+20) : 
3,6,9 / $\OML/cmm/m/it/10.95 y$ \T1/cmr/m/n/10.95 (+20) : 9,18,27
 []


Underfull \hbox (badness 1748) in paragraph at lines 1239--1239
[]\T1/cmr/m/n/10.95 (+20) e) $\OML/cmm/m/it/10.95 x$ \T1/cmr/m/n/10.95 (+20) : 
2,4,8 / $\OML/cmm/m/it/10.95 y$ \T1/cmr/m/n/10.95 (+20) : 10,20,30
 []


LaTeX Warning: Reference `corr:P3' on page 63 undefined on input line 1243.

[63

] [64

]

LaTeX Warning: Reference `corr:P3' on page 65 undefined on input line 1263.

[65

]
Underfull \hbox (badness 2460) in paragraph at lines 1272--1272
[]\T1/cmr/m/n/10.95 (+20) a) $\OT1/cmr/m/n/10.95 (+20) 100$\TS1/cmr/m/n/10.95 (
+20) ż\T1/cmr/m/n/10.95 (+20) , $\OT1/cmr/m/n/10.95 (+20) +10%$ \T1/cmr/m/n/10.
95 (+20) puis $\OT1/cmr/m/n/10.95 (+20) +10%$
 []


Underfull \hbox (badness 2310) in paragraph at lines 1272--1272
[]\T1/cmr/m/n/10.95 (+20) b) $\OT1/cmr/m/n/10.95 (+20) 200$\TS1/cmr/m/n/10.95 (
+20) ż\T1/cmr/m/n/10.95 (+20) , $\OT1/cmr/m/n/10.95 (+20) +20%$ \T1/cmr/m/n/10.
95 (+20) puis $\OMS/cmsy/m/n/10.95 ^^@\OT1/cmr/m/n/10.95 (+20) 20%$
 []


Underfull \hbox (badness 5431) in paragraph at lines 1272--1272
[]\T1/cmr/m/n/10.95 (+20) c) $\OT1/cmr/m/n/10.95 (+20) 80$\TS1/cmr/m/n/10.95 (+
20) ż\T1/cmr/m/n/10.95 (+20) , $\OMS/cmsy/m/n/10.95 ^^@\OT1/cmr/m/n/10.95 (+20)
 25%$ \T1/cmr/m/n/10.95 (+20) puis $\OT1/cmr/m/n/10.95 (+20) +25%$
 []


Underfull \hbox (badness 2310) in paragraph at lines 1272--1272
[]\T1/cmr/m/n/10.95 (+20) d) $\OT1/cmr/m/n/10.95 (+20) 500$\TS1/cmr/m/n/10.95 (
+20) ż\T1/cmr/m/n/10.95 (+20) , $\OT1/cmr/m/n/10.95 (+20) +50%$ \T1/cmr/m/n/10.
95 (+20) puis $\OMS/cmsy/m/n/10.95 ^^@\OT1/cmr/m/n/10.95 (+20) 50%$
 []


Underfull \hbox (badness 2809) in paragraph at lines 1272--1272
[]\T1/cmr/m/n/10.95 (+20) e) $\OT1/cmr/m/n/10.95 (+20) 150$\TS1/cmr/m/n/10.95 (
+20) ż\T1/cmr/m/n/10.95 (+20) , $\OMS/cmsy/m/n/10.95 ^^@\OT1/cmr/m/n/10.95 (+20
) 10%$ \T1/cmr/m/n/10.95 (+20) puis $\OMS/cmsy/m/n/10.95 ^^@\OT1/cmr/m/n/10.95 
(+20) 10%$
 []


Underfull \hbox (badness 3039) in paragraph at lines 1272--1272
[]\T1/cmr/m/n/10.95 (+20) f) $\OT1/cmr/m/n/10.95 (+20) 60$\TS1/cmr/m/n/10.95 (+
20) ż\T1/cmr/m/n/10.95 (+20) , $\OT1/cmr/m/n/10.95 (+20) +100%$ \T1/cmr/m/n/10.
95 (+20) puis $\OMS/cmsy/m/n/10.95 ^^@\OT1/cmr/m/n/10.95 (+20) 50%$
 []


Underfull \hbox (badness 1062) in paragraph at lines 1274--1274
[]\T1/cmr/m/n/10.95 (+20) a) $\OT1/cmr/m/n/10.95 (+20) 100 \OMS/cmsy/m/n/10.95 
! \OT1/cmr/m/n/10.95 (+20) 121$\T1/cmr/m/n/10.95 (+20) . Taux glo-bal
 []


Underfull \hbox (badness 3343) in paragraph at lines 1274--1274
[]\T1/cmr/m/n/10.95 (+20) c) $\OT1/cmr/m/n/10.95 (+20) 80 \OMS/cmsy/m/n/10.95 !
 \OT1/cmr/m/n/10.95 (+20) 75$\T1/cmr/m/n/10.95 (+20) . Taux glo-bal
 []


Underfull \hbox (badness 3547) in paragraph at lines 1274--1274
[]\T1/cmr/m/n/10.95 (+20) f) $\OT1/cmr/m/n/10.95 (+20) 60 \OMS/cmsy/m/n/10.95 !
 \OT1/cmr/m/n/10.95 (+20) 60$\T1/cmr/m/n/10.95 (+20) . Taux glo-bal
 []

[66

]
Underfull \hbox (badness 1072) in paragraph at lines 1281--1281
[]\T1/cmr/m/n/10.95 (+20) f) CM de $\OT1/cmr/m/n/10.95 (+20) +30%$ \T1/cmr/m/n/
10.95 (+20) puis $\OMS/cmsy/m/n/10.95 ^^@\OT1/cmr/m/n/10.95 (+20) 20%$
 []


LaTeX Warning: Reference `corr:P3' on page 67 undefined on input line 1283.

[67

] [68

]

LaTeX Warning: Reference `corr:P3' on page 69 undefined on input line 1303.

[69

] [70

]

LaTeX Warning: Reference `corr:P3' on page 71 undefined on input line 1323.

[71

] [72

]
Underfull \hbox (badness 1867) in paragraph at lines 1341--1341
[]\T1/cmr/m/n/10.95 (+20) a) $\OML/cmm/m/it/10.95 f\OT1/cmr/m/n/10.95 (+20) (\O
ML/cmm/m/it/10.95 x\OT1/cmr/m/n/10.95 (+20) ) = 1[]2\OML/cmm/m/it/10.95 x \OT1/
cmr/m/n/10.95 (+20) + 3$\T1/cmr/m/n/10.95 (+20) . $\OML/cmm/m/it/10.95 f\OT1/cm
r/m/n/10.95 (+20) (10)$
 []


Underfull \hbox (badness 1521) in paragraph at lines 1341--1341
[]\T1/cmr/m/n/10.95 (+20) c) $\OML/cmm/m/it/10.95 T\OT1/cmr/m/n/10.95 (+20) (\O
ML/cmm/m/it/10.95 h\OT1/cmr/m/n/10.95 (+20) ) = \OMS/cmsy/m/n/10.95 ^^@\OT1/cmr
/m/n/10.95 (+20) 2\OML/cmm/m/it/10.95 h \OT1/cmr/m/n/10.95 (+20) + 20$\T1/cmr/m
/n/10.95 (+20) . $\OML/cmm/m/it/10.95 T\OT1/cmr/m/n/10.95 (+20) (5)$
 []


LaTeX Warning: Reference `corr:P3' on page 73 undefined on input line 1343.

[73

]
Underfull \hbox (badness 10000) in paragraph at lines 1357--1357
[]\T1/cmr/m/n/10.95 (+20) a) Abon-ne-ment $\OT1/cmr/m/n/10.95 (+20) 10$\TS1/cmr
/m/n/10.95 (+20) ż\T1/cmr/m/n/10.95 (+20) /mois
 []

[74

]

LaTeX Warning: Reference `corr:P3' on page 75 undefined on input line 1363.

[75

] [76

]

LaTeX Warning: Reference `corr:P3' on page 77 undefined on input line 1383.

[77

]
Underfull \hbox (badness 3460) in paragraph at lines 1397--1397
[]\T1/cmr/m/n/10.95 (+20) c) $\OML/cmm/m/it/10.95 g\OT1/cmr/m/n/10.95 (+20) (\O
ML/cmm/m/it/10.95 x\OT1/cmr/m/n/10.95 (+20) ) = \OML/cmm/m/it/10.95 x[]$\T1/cmr
/m/n/10.95 (+20) . $\OML/cmm/m/it/10.95 g\OT1/cmr/m/n/10.95 (+20) (\OML/cmm/m/i
t/10.95 g\OT1/cmr/m/n/10.95 (+20) (2)) =$
 []

[78

]
Underfull \hbox (badness 1033) in paragraph at lines 1401--1401
[]\T1/cmr/m/n/10.95 (+20) a) $\OML/cmm/m/it/10.95 f\OT1/cmr/m/n/10.95 (+20) (\O
ML/cmm/m/it/10.95 x\OT1/cmr/m/n/10.95 (+20) ) = \OMS/cmsy/m/n/10.95 j\OML/cmm/m
/it/10.95 x \OMS/cmsy/m/n/10.95 ^^@ \OT1/cmr/m/n/10.95 (+20) 3\OMS/cmsy/m/n/10.
95 j$\T1/cmr/m/n/10.95 (+20) . $\OML/cmm/m/it/10.95 f\OT1/cmr/m/n/10.95 (+20) (
0) =$
 []


Underfull \hbox (badness 1675) in paragraph at lines 1401--1401
[]\T1/cmr/m/n/10.95 (+20) e) $\OML/cmm/m/it/10.95 g\OT1/cmr/m/n/10.95 (+20) (\O
ML/cmm/m/it/10.95 x\OT1/cmr/m/n/10.95 (+20) ) = []$\T1/cmr/m/n/10.95 (+20) . $\
OML/cmm/m/it/10.95 g\OT1/cmr/m/n/10.95 (+20) (0) =$
 []


LaTeX Warning: Reference `corr:P3' on page 79 undefined on input line 1403.

[79

] [80


] [81

] [82

]

LaTeX Warning: Reference `corr:P4' on page 83 undefined on input line 1457.

[83

]
Underfull \hbox (badness 1082) in paragraph at lines 1466--1466
[]\T1/cmr/m/n/10.95 (+20) b) $\OT1/cmr/m/n/10.95 (+20) 60 \OMS/cmsy/m/n/10.95 ^
^B \OT1/cmr/m/n/10.95 (+20) 80$\T1/cmr/m/n/10.95 (+20) . Diag. $\OT1/cmr/m/n/10
.95 (+20) 100$\T1/cmr/m/n/10.95 (+20) . Éq. ?
 []


Underfull \hbox (badness 2469) in paragraph at lines 1466--1466
[]\T1/cmr/m/n/10.95 (+20) c) $\OT1/cmr/m/n/10.95 (+20) 45 \OMS/cmsy/m/n/10.95 ^
^B \OT1/cmr/m/n/10.95 (+20) 60$\T1/cmr/m/n/10.95 (+20) . Diag. $\OT1/cmr/m/n/10
.95 (+20) 76$\T1/cmr/m/n/10.95 (+20) . Éq. ?
 []


Underfull \hbox (badness 2469) in paragraph at lines 1466--1466
[]\T1/cmr/m/n/10.95 (+20) e) $\OT1/cmr/m/n/10.95 (+20) 36 \OMS/cmsy/m/n/10.95 ^
^B \OT1/cmr/m/n/10.95 (+20) 48$\T1/cmr/m/n/10.95 (+20) . Diag. $\OT1/cmr/m/n/10
.95 (+20) 60$\T1/cmr/m/n/10.95 (+20) . Éq. ?
 []


Underfull \hbox (badness 1642) in paragraph at lines 1468--1468
[]\T1/cmr/m/n/10.95 (+20) f) Cube côté $\OML/cmm/m/it/10.95 a$\T1/cmr/m/n/10.95
 (+20) . Diag. $\OT1/cmr/m/n/10.95 (+20) = ?$
 []


Underfull \hbox (badness 1354) in paragraph at lines 1471--1471
[]\T1/cmr/m/n/10.95 (+20) a) Base $\OT1/cmr/m/n/10.95 (+20) 8$\T1/cmr/m/n/10.95
 (+20) , cô-tés $\OT1/cmr/m/n/10.95 (+20) 5$\T1/cmr/m/n/10.95 (+20) . Hau-teur
 []


Underfull \hbox (badness 1472) in paragraph at lines 1471--1471
[]\T1/cmr/m/n/10.95 (+20) c) Base $\OT1/cmr/m/n/10.95 (+20) 6$\T1/cmr/m/n/10.95
 (+20) , cô-tés $\OT1/cmr/m/n/10.95 (+20) 5$\T1/cmr/m/n/10.95 (+20) . Hau-teur
 []

[84

]
Underfull \hbox (badness 3849) in paragraph at lines 1473--1473
[]\T1/cmr/m/n/10.95 (+20) f) Cadre $\OT1/cmr/m/n/10.95 (+20) 40 \OMS/cmsy/m/n/1
0.95 ^^B \OT1/cmr/m/n/10.95 (+20) 30$\T1/cmr/m/n/10.95 (+20) cm. Diag.
 []


LaTeX Warning: Reference `corr:P4' on page 85 undefined on input line 1477.

[85

] [86

]

LaTeX Warning: Reference `corr:P4' on page 87 undefined on input line 1497.

[87

]
Underfull \hbox (badness 6236) in paragraph at lines 1504--1504
[]\T1/cmr/m/n/10.95 (+20) c) Carré côté $\OT1/cmr/m/n/10.95 (+20) 5$\T1/cmr/m/n
/10.95 (+20) . Diag. $\OT1/cmr/m/n/10.95 (+20) =$
 []


Underfull \hbox (badness 3068) in paragraph at lines 1504--1504
[]\T1/cmr/m/n/10.95 (+20) d) Carré diag. $\OT1/cmr/m/n/10.95 (+20) 10$\T1/cmr/m
/n/10.95 (+20) . Côté $\OT1/cmr/m/n/10.95 (+20) =$
 []


Underfull \hbox (badness 10000) in paragraph at lines 1511--1511
[]\T1/cmr/m/n/10.95 (+20) b) Pente $\OT1/cmr/m/n/10.95 (+20) 100%$\T1/cmr/m/n/1
0.95 (+20) . Angle ?
 []

[88

]
Underfull \hbox (badness 1668) in paragraph at lines 1513--1513
[]\T1/cmr/m/n/10.95 (+20) c) Tri. équi-lat. côté $\OT1/cmr/m/n/10.95 (+20) 4$\T
1/cmr/m/n/10.95 (+20) . Aire
 []


Underfull \hbox (badness 1418) in paragraph at lines 1513--1513
[]\T1/cmr/m/n/10.95 (+20) d) Tri. équi-lat. côté $\OT1/cmr/m/n/10.95 (+20) 8$\T
1/cmr/m/n/10.95 (+20) . Aire
 []


LaTeX Warning: Reference `corr:P4' on page 89 undefined on input line 1517.

[89

] [90

]
Underfull \hbox (badness 10000) in paragraph at lines 1535--1535
[]\T1/cmr/m/n/10.95 (+20) a) Planche $\OT1/cmr/m/n/10.95 (+20) 2[]4$\T1/cmr/m/n
/10.95 (+20) m en cm
 []


Underfull \hbox (badness 5756) in paragraph at lines 1535--1535
[]\T1/cmr/m/n/10.95 (+20) c) Pan-neau $\OT1/cmr/m/n/10.95 (+20) 1[]2$\T1/cmr/m/
n/10.95 (+20) m$[]$ en cm$[]$
 []


LaTeX Warning: Reference `corr:P4' on page 91 undefined on input line 1537.

[91

]
Underfull \hbox (badness 6542) in paragraph at lines 1546--1546
[]\T1/cmr/m/n/10.95 (+20) c) $\OT1/cmr/m/n/10.95 (+20) 340$\T1/cmr/m/n/10.95 (+
20) m/s (son) en km/h
 []


Underfull \hbox (badness 10000) in paragraph at lines 1546--1546
[]\T1/cmr/m/n/10.95 (+20) e) $\OT1/cmr/m/n/10.95 (+20) 100$\T1/cmr/m/n/10.95 (+
20) m en $\OT1/cmr/m/n/10.95 (+20) 10$\T1/cmr/m/n/10.95 (+20) s $\OMS/cmsy/m/n/
10.95 !$ \T1/cmr/m/n/10.95 (+20) m/s
 []


Underfull \hbox (badness 2181) in paragraph at lines 1551--1551
[]\T1/cmr/m/n/10.95 (+20) a) Eau : $\OT1/cmr/m/n/10.95 (+20) 1$\T1/cmr/m/n/10.9
5 (+20) kg/L. $\OT1/cmr/m/n/10.95 (+20) 5$\T1/cmr/m/n/10.95 (+20) L $\OT1/cmr/m
/n/10.95 (+20) =$ \T1/cmr/m/n/10.95 (+20) ?kg
 []


Underfull \hbox (badness 6792) in paragraph at lines 1551--1551
[]\T1/cmr/m/n/10.95 (+20) c) Acier : $\OT1/cmr/m/n/10.95 (+20) 7[]8$\T1/cmr/m/n
/10.95 (+20) . $\OT1/cmr/m/n/10.95 (+20) 2$\T1/cmr/m/n/10.95 (+20) L $\OT1/cmr/
m/n/10.95 (+20) =$ \T1/cmr/m/n/10.95 (+20) ?kg
 []

[92

]
Underfull \hbox (badness 1721) in paragraph at lines 1553--1553
[]\T1/cmr/m/n/10.95 (+20) c) Masse ($\OML/cmm/m/it/10.95 ^^Z \OT1/cmr/m/n/10.95
 (+20) = 0[]6$\T1/cmr/m/n/10.95 (+20) ) en kg
 []


Underfull \hbox (badness 2213) in paragraph at lines 1553--1553
[]\T1/cmr/m/n/10.95 (+20) d) Chauffe-eau $\OT1/cmr/m/n/10.95 (+20) 200$\T1/cmr/
m/n/10.95 (+20) L en m$[]$
 []


Underfull \hbox (badness 10000) in paragraph at lines 1553--1553
[]\T1/cmr/m/n/10.95 (+20) e) Tuyau $\U/msb/m/n/10.95 ?\OT1/cmr/m/n/10.95 (+20) 
20$\T1/cmr/m/n/10.95 (+20) mm en m
 []


Underfull \hbox (badness 10000) in paragraph at lines 1553--1553
[]\T1/cmr/m/n/10.95 (+20) f) Pres-sion $\OT1/cmr/m/n/10.95 (+20) 2[]5$\T1/cmr/m
/n/10.95 (+20) bar en Pa
 []


Underfull \hbox (badness 10000) in paragraph at lines 1555--1555
[]\T1/cmr/m/n/10.95 (+20) d) Année-lumičre en km
 []


LaTeX Warning: Reference `corr:P4' on page 93 undefined on input line 1557.

[93

] [94

]
Underfull \hbox (badness 1642) in paragraph at lines 1575--1575
[]\T1/cmr/m/n/10.95 (+20) f) Pla-teau circ. $\OML/cmm/m/it/10.95 r \OT1/cmr/m/n
/10.95 (+20) = 50$\T1/cmr/m/n/10.95 (+20) cm
 []


LaTeX Warning: Reference `corr:P4' on page 95 undefined on input line 1577.

[95

]
Underfull \hbox (badness 2042) in paragraph at lines 1582--1582
[]\T1/cmr/m/n/10.95 (+20) a) $\OML/cmm/m/it/10.95 r \OT1/cmr/m/n/10.95 (+20) = 
6$\T1/cmr/m/n/10.95 (+20) , angle $\OT1/cmr/m/n/10.95 (+20) 90[]$\T1/cmr/m/n/10
.95 (+20) . Aire
 []


Underfull \hbox (badness 2150) in paragraph at lines 1582--1582
[]\T1/cmr/m/n/10.95 (+20) c) $\OML/cmm/m/it/10.95 r \OT1/cmr/m/n/10.95 (+20) = 
4$\T1/cmr/m/n/10.95 (+20) , angle $\OT1/cmr/m/n/10.95 (+20) 60[]$\T1/cmr/m/n/10
.95 (+20) . Aire
 []


Underfull \hbox (badness 1946) in paragraph at lines 1582--1582
[]\T1/cmr/m/n/10.95 (+20) d) $\OML/cmm/m/it/10.95 r \OT1/cmr/m/n/10.95 (+20) = 
8$\T1/cmr/m/n/10.95 (+20) , angle $\OT1/cmr/m/n/10.95 (+20) 45[]$\T1/cmr/m/n/10
.95 (+20) . Aire
 []

[96

]
Underfull \hbox (badness 4242) in paragraph at lines 1593--1593
[]\T1/cmr/m/n/10.95 (+20) d) $\OT1/cmr/m/n/10.95 (+20) 1$\T1/cmr/m/n/10.95 (+20
) L peint $\OT1/cmr/m/n/10.95 (+20) 10$\T1/cmr/m/n/10.95 (+20) m$[]$. Litres ?
 []


LaTeX Warning: Reference `corr:P4' on page 97 undefined on input line 1597.

[97

] [98

]
Underfull \hbox (badness 3815) in paragraph at lines 1615--1615
[]\T1/cmr/m/n/10.95 (+20) b) Poutre $\OT1/cmr/m/n/10.95 (+20) 10  \OMS/cmsy/m/n
/10.95 ^^B  \OT1/cmr/m/n/10.95 (+20) 15  \OMS/cmsy/m/n/10.95 ^^B  \OT1/cmr/m/n/
10.95 (+20) 300$\T1/cmr/m/n/10.95 (+20) cm
 []


LaTeX Warning: Reference `corr:P4' on page 99 undefined on input line 1617.

[99

]
Underfull \hbox (badness 2080) in paragraph at lines 1622--1622
[]\T1/cmr/m/n/10.95 (+20) a) Base car-rée $\OT1/cmr/m/n/10.95 (+20) 6$\T1/cmr/m
/n/10.95 (+20) , $\OML/cmm/m/it/10.95 h \OT1/cmr/m/n/10.95 (+20) = 10$
 []


Underfull \hbox (badness 1194) in paragraph at lines 1622--1622
[]\T1/cmr/m/n/10.95 (+20) d) Base car-rée $\OT1/cmr/m/n/10.95 (+20) 10$\T1/cmr/
m/n/10.95 (+20) , $\OML/cmm/m/it/10.95 h \OT1/cmr/m/n/10.95 (+20) = 15$
 []


Underfull \hbox (badness 1087) in paragraph at lines 1622--1622
[]\T1/cmr/m/n/10.95 (+20) e) Base rect. $\OT1/cmr/m/n/10.95 (+20) 3  \OMS/cmsy/
m/n/10.95 ^^B  \OT1/cmr/m/n/10.95 (+20) 7$\T1/cmr/m/n/10.95 (+20) , $\OML/cmm/m
/it/10.95 h \OT1/cmr/m/n/10.95 (+20) = 6$
 []


Underfull \hbox (badness 1005) in paragraph at lines 1626--1626
[]\T1/cmr/m/n/10.95 (+20) d) Sphčre $\OML/cmm/m/it/10.95 r  \OT1/cmr/m/n/10.95 
(+20) =  15$\T1/cmr/m/n/10.95 (+20) cm. En L
 []

[100

]
Underfull \hbox (badness 1028) in paragraph at lines 1635--1635
[]\T1/cmr/m/n/10.95 (+20) f) Com-pa-rer cyl. et cône de
 []


LaTeX Warning: Reference `corr:P4' on page 101 undefined on input line 1637.

[101

]
Underfull \hbox (badness 4899) in paragraph at lines 1642--1642
[]\T1/cmr/m/n/10.95 (+20) a) $\OML/cmm/m/it/10.95 A\OT1/cmr/m/n/10.95 (+20) (1;
 3)$\T1/cmr/m/n/10.95 (+20) , $\OML/cmm/m/it/10.95 B\OT1/cmr/m/n/10.95 (+20) (4
; 7)$\T1/cmr/m/n/10.95 (+20) . $[] \OT1/cmr/m/n/10.95 (+20) =$
 []


Underfull \hbox (badness 1331) in paragraph at lines 1642--1642
[]\T1/cmr/m/n/10.95 (+20) b) $\OML/cmm/m/it/10.95 C\OT1/cmr/m/n/10.95 (+20) (2;
 \OMS/cmsy/m/n/10.95 ^^@\OT1/cmr/m/n/10.95 (+20) 1)$\T1/cmr/m/n/10.95 (+20) , $
\OML/cmm/m/it/10.95 D\OT1/cmr/m/n/10.95 (+20) (5; 3)$\T1/cmr/m/n/10.95 (+20) . 
$[] \OT1/cmr/m/n/10.95 (+20) =$
 []


Underfull \hbox (badness 3354) in paragraph at lines 1642--1642
[]\T1/cmr/m/n/10.95 (+20) d) $\OML/cmm/m/it/10.95 G\OT1/cmr/m/n/10.95 (+20) (0;
 0)$\T1/cmr/m/n/10.95 (+20) , $\OML/cmm/m/it/10.95 H\OT1/cmr/m/n/10.95 (+20) (5
; 2)$\T1/cmr/m/n/10.95 (+20) . $[] \OT1/cmr/m/n/10.95 (+20) =$
 []


Underfull \hbox (badness 10000) in paragraph at lines 1642--1642
[]\T1/cmr/m/n/10.95 (+20) e) $\OML/cmm/m/it/10.95 I\OT1/cmr/m/n/10.95 (+20) (3;
 3)$\T1/cmr/m/n/10.95 (+20) , $\OML/cmm/m/it/10.95 J\OT1/cmr/m/n/10.95 (+20) (3
; 7)$\T1/cmr/m/n/10.95 (+20) . $[] \OT1/cmr/m/n/10.95 (+20) =$
 []


Underfull \hbox (badness 1983) in paragraph at lines 1642--1642
[]\T1/cmr/m/n/10.95 (+20) f) $\OML/cmm/m/it/10.95 K\OT1/cmr/m/n/10.95 (+20) (\O
MS/cmsy/m/n/10.95 ^^@\OT1/cmr/m/n/10.95 (+20) 2; 5)$\T1/cmr/m/n/10.95 (+20) , $
\OML/cmm/m/it/10.95 L\OT1/cmr/m/n/10.95 (+20) (3; 5)$\T1/cmr/m/n/10.95 (+20) . 
$[] \OT1/cmr/m/n/10.95 (+20) =$
 []

[102

]

LaTeX Warning: Reference `corr:P4' on page 103 undefined on input line 1657.

[103

]
Underfull \hbox (badness 6445) in paragraph at lines 1666--1666
[]\T1/cmr/m/n/10.95 (+20) f) $[]$ et $[]$ co-li-néaires ?
 []


Underfull \hbox (badness 3735) in paragraph at lines 1668--1668
[]\T1/cmr/m/n/10.95 (+20) a) $[][]$, $[][]$. $\OT1/cmr/m/n/10.95 (+20) 2[] + []
 =$
 []


Underfull \hbox (badness 2103) in paragraph at lines 1671--1671
[]\T1/cmr/m/n/10.95 (+20) b) $\OML/cmm/m/it/10.95 M$ \T1/cmr/m/n/10.95 (+20) mi
-lieu $\OT1/cmr/m/n/10.95 (+20) [\OML/cmm/m/it/10.95 AB\OT1/cmr/m/n/10.95 (+20)
 ]$\T1/cmr/m/n/10.95 (+20) . $[] \OT1/cmr/m/n/10.95 (+20) =$
 []

[104

]
Underfull \hbox (badness 4899) in paragraph at lines 1673--1673
[]\T1/cmr/m/n/10.95 (+20) a) $\OML/cmm/m/it/10.95 A\OT1/cmr/m/n/10.95 (+20) (1;
 2)$\T1/cmr/m/n/10.95 (+20) , $\OML/cmm/m/it/10.95 B\OT1/cmr/m/n/10.95 (+20) (4
; 6)$\T1/cmr/m/n/10.95 (+20) . $\OML/cmm/m/it/10.95 AB \OT1/cmr/m/n/10.95 (+20)
 =$
 []


Underfull \hbox (badness 3838) in paragraph at lines 1673--1673
[]\T1/cmr/m/n/10.95 (+20) b) $\OML/cmm/m/it/10.95 C\OT1/cmr/m/n/10.95 (+20) (0;
 0)$\T1/cmr/m/n/10.95 (+20) , $\OML/cmm/m/it/10.95 D\OT1/cmr/m/n/10.95 (+20) (3
; 4)$\T1/cmr/m/n/10.95 (+20) . $\OML/cmm/m/it/10.95 CD \OT1/cmr/m/n/10.95 (+20)
 =$
 []


Underfull \hbox (badness 1694) in paragraph at lines 1673--1673
[]\T1/cmr/m/n/10.95 (+20) d) $\OML/cmm/m/it/10.95 G\OT1/cmr/m/n/10.95 (+20) (5;
 5)$\T1/cmr/m/n/10.95 (+20) , $\OML/cmm/m/it/10.95 H\OT1/cmr/m/n/10.95 (+20) (5
; 10)$\T1/cmr/m/n/10.95 (+20) . $\OML/cmm/m/it/10.95 GH \OT1/cmr/m/n/10.95 (+20
) =$
 []


Underfull \hbox (badness 10000) in paragraph at lines 1673--1673
[]\T1/cmr/m/n/10.95 (+20) e) $\OML/cmm/m/it/10.95 I\OT1/cmr/m/n/10.95 (+20) (0;
 0)$\T1/cmr/m/n/10.95 (+20) , $\OML/cmm/m/it/10.95 J\OT1/cmr/m/n/10.95 (+20) (1
; 1)$\T1/cmr/m/n/10.95 (+20) . $\OML/cmm/m/it/10.95 IJ \OT1/cmr/m/n/10.95 (+20)
 =$
 []


LaTeX Warning: Reference `corr:P4' on page 105 undefined on input line 1677.

[105

] [106


] [107

]
Underfull \hbox (badness 10000) in paragraph at lines 1744--1744
[]\T1/cmr/m/n/10.95 (+20) a) $\OMS/cmsy/m/n/10.95 f\OT1/cmr/m/n/10.95 (+20) 3; 
5; 7; 8; 10; 12; 15\OMS/cmsy/m/n/10.95 g$
 []

[108

]
Underfull \hbox (badness 10000) in paragraph at lines 1751--1751
[]\T1/cmr/m/n/10.95 (+20) a) $\OMS/cmsy/m/n/10.95 f\OT1/cmr/m/n/10.95 (+20) 62;
 58; 65; 61; 64\OMS/cmsy/m/n/10.95 g$ \T1/cmr/m/n/10.95 (+20) moy.
 []


Underfull \hbox (badness 5245) in paragraph at lines 1751--1751
[]\T1/cmr/m/n/10.95 (+20) d) $\OMS/cmsy/m/n/10.95 f\OT1/cmr/m/n/10.95 (+20) 1[]
2; 1[]5; 1[]3; 1[]4; 1[]1\OMS/cmsy/m/n/10.95 g$ \T1/cmr/m/n/10.95 (+20) moy.
 []


LaTeX Warning: Reference `corr:P5' on page 109 undefined on input line 1755.

[109

]
Underfull \hbox (badness 3679) in paragraph at lines 1762--1762
[]\T1/cmr/m/n/10.95 (+20) d) Co-eff 4,6 : notes $\OT1/cmr/m/n/10.95 (+20) 11; 1
7$
 []


Underfull \hbox (badness 3098) in paragraph at lines 1764--1764
[]\T1/cmr/m/n/10.95 (+20) a) A : $\OMS/cmsy/m/n/10.95 f\OT1/cmr/m/n/10.95 (+20)
 10; 10; 10; 10\OMS/cmsy/m/n/10.95 g$\T1/cmr/m/n/10.95 (+20) . Moy.
 []


Underfull \hbox (badness 10000) in paragraph at lines 1764--1764
[]\T1/cmr/m/n/10.95 (+20) c) B : $\OMS/cmsy/m/n/10.95 f\OT1/cmr/m/n/10.95 (+20)
 5; 8; 12; 15\OMS/cmsy/m/n/10.95 g$\T1/cmr/m/n/10.95 (+20) . Moy.
 []


Underfull \hbox (badness 10000) in paragraph at lines 1764--1764
[]\T1/cmr/m/n/10.95 (+20) f) Sé-rie plus dis-per-sée ?
 []

[110

]
Underfull \hbox (badness 1178) in paragraph at lines 1771--1771
[]\T1/cmr/m/n/10.95 (+20) a) $\OT1/cmr/m/n/10.95 (+20) 5(20%)$\T1/cmr/m/n/10.95
 (+20) , $\OT1/cmr/m/n/10.95 (+20) 10(50%)$\T1/cmr/m/n/10.95 (+20) , $\OT1/cmr/
m/n/10.95 (+20) 15(30%)$
 []


Underfull \hbox (badness 3240) in paragraph at lines 1771--1771
[]\T1/cmr/m/n/10.95 (+20) b) $\OT1/cmr/m/n/10.95 (+20) 0(10%)$\T1/cmr/m/n/10.95
 (+20) , $\OT1/cmr/m/n/10.95 (+20) 5(40%)$\T1/cmr/m/n/10.95 (+20) , $\OT1/cmr/m
/n/10.95 (+20) 10(50%)$
 []


Underfull \hbox (badness 1365) in paragraph at lines 1771--1771
[]\T1/cmr/m/n/10.95 (+20) c) $\OT1/cmr/m/n/10.95 (+20) 8(25%)$\T1/cmr/m/n/10.95
 (+20) , $\OT1/cmr/m/n/10.95 (+20) 12(50%)$\T1/cmr/m/n/10.95 (+20) , $\OT1/cmr/
m/n/10.95 (+20) 16(25%)$
 []


Underfull \hbox (badness 3240) in paragraph at lines 1771--1771
[]\T1/cmr/m/n/10.95 (+20) d) $\OT1/cmr/m/n/10.95 (+20) 4(30%)$\T1/cmr/m/n/10.95
 (+20) , $\OT1/cmr/m/n/10.95 (+20) 8(30%)$\T1/cmr/m/n/10.95 (+20) , $\OT1/cmr/m
/n/10.95 (+20) 12(40%)$
 []


Underfull \hbox (badness 4492) in paragraph at lines 1771--1771
[]\T1/cmr/m/n/10.95 (+20) f) $\OT1/cmr/m/n/10.95 (+20) 3(20%)$\T1/cmr/m/n/10.95
 (+20) , $\OT1/cmr/m/n/10.95 (+20) 9(60%)$\T1/cmr/m/n/10.95 (+20) , $\OT1/cmr/m
/n/10.95 (+20) 15(20%)$
 []


Underfull \hbox (badness 10000) in paragraph at lines 1773--1773
[]\T1/cmr/m/n/10.95 (+20) f) Le $\OT1/cmr/m/n/10.95 (+20) 20$ \T1/cmr/m/n/10.95
 (+20) est-il abér-rant ?
 []


LaTeX Warning: Reference `corr:P5' on page 111 undefined on input line 1775.

[111

]
Underfull \hbox (badness 2384) in paragraph at lines 1786--1786
[]\T1/cmr/m/n/10.95 (+20) a) 200 pičces, 12 déf. Fréq.
 []

[112

]

LaTeX Warning: Reference `corr:P5' on page 113 undefined on input line 1796.

[113

] [114

]

LaTeX Warning: Reference `corr:P5' on page 115 undefined on input line 1817.

[115

] [116


] [117


] (./cahier-calcul-2nde-pro.aux)
 ***********
LaTeX2e <2025-11-01>
L3 programming layer <2026-01-19>
 ***********


LaTeX Warning: There were undefined references.


LaTeX Warning: Label(s) may have changed. Rerun to get cross-references right.


Package rerunfilecheck Warning: File `cahier-calcul-2nde-pro.out' has changed.
(rerunfilecheck)                Rerun to get outlines right
(rerunfilecheck)                or use package `bookmark'.

Package rerunfilecheck Info: Checksums for `cahier-calcul-2nde-pro.out':
(rerunfilecheck)             Before: <no file>
(rerunfilecheck)             After:  F04C2515AF428464662CE37CACA0E7E2;1852.
 ) 
Here is how much of TeX's memory you used:
 33047 strings out of 467525
 650980 string characters out of 5418982
 1151047 words of memory out of 5000000
 61046 multiletter control sequences out of 15000+600000
 661622 words of font info for 225 fonts, out of 8000000 for 9000
 1141 hyphenation exceptions out of 8191
 116i,12n,121p,1096b,631s stack positions out of 10000i,1000n,20000p,200000b,200000s
</usr/local/texlive/2026/texmf-dist/fonts/type1/public/amsfonts/cm/cmex10.pfb
></usr/local/texlive/2026/texmf-dist/fonts/type1/public/amsfonts/cm/cmmi10.pfb>
</usr/local/texlive/2026/texmf-dist/fonts/type1/public/amsfonts/cm/cmmi5.pfb></
usr/local/texlive/2026/texmf-dist/fonts/type1/public/amsfonts/cm/cmmi7.pfb></us
r/local/texlive/2026/texmf-dist/fonts/type1/public/amsfonts/cm/cmmi8.pfb></usr/
local/texlive/2026/texmf-dist/fonts/type1/public/amsfonts/cm/cmr10.pfb></usr/lo
cal/texlive/2026/texmf-dist/fonts/type1/public/amsfonts/cm/cmr5.pfb></usr/local
/texlive/2026/texmf-dist/fonts/type1/public/amsfonts/cm/cmr6.pfb></usr/local/te
xlive/2026/texmf-dist/fonts/type1/public/amsfonts/cm/cmr7.pfb></usr/local/texli
ve/2026/texmf-dist/fonts/type1/public/amsfonts/cm/cmr8.pfb></usr/local/texlive/
2026/texmf-dist/fonts/type1/public/amsfonts/cm/cmsy10.pfb></usr/local/texlive/2
026/texmf-dist/fonts/type1/public/amsfonts/cm/cmsy7.pfb></usr/local/texlive/202
6/texmf-dist/fonts/type1/public/amsfonts/cm/cmsy8.pfb></usr/local/texlive/2026/
texmf-dist/fonts/type1/public/amsfonts/symbols/msam10.pfb></usr/local/texlive/2
026/texmf-dist/fonts/type1/public/amsfonts/symbols/msbm10.pfb></usr/local/texli
ve/2026/texmf-dist/fonts/type1/public/cm-super/sfbx0700.pfb></usr/local/texlive
/2026/texmf-dist/fonts/type1/public/cm-super/sfbx1000.pfb></usr/local/texlive/2
026/texmf-dist/fonts/type1/public/cm-super/sfbx1095.pfb></usr/local/texlive/202
6/texmf-dist/fonts/type1/public/cm-super/sfbx1200.pfb></usr/local/texlive/2026/
texmf-dist/fonts/type1/public/cm-super/sfbx1440.pfb></usr/local/texlive/2026/te
xmf-dist/fonts/type1/public/cm-super/sfbx1728.pfb></usr/local/texlive/2026/texm
f-dist/fonts/type1/public/cm-super/sfbx2074.pfb></usr/local/texlive/2026/texmf-
dist/fonts/type1/public/cm-super/sfbx2488.pfb></usr/local/texlive/2026/texmf-di
st/fonts/type1/public/cm-super/sfrm0700.pfb></usr/local/texlive/2026/texmf-dist
/fonts/type1/public/cm-super/sfrm0800.pfb></usr/local/texlive/2026/texmf-dist/f
onts/type1/public/cm-super/sfrm1000.pfb></usr/local/texlive/2026/texmf-dist/fon
ts/type1/public/cm-super/sfrm1095.pfb></usr/local/texlive/2026/texmf-dist/fonts
/type1/public/cm-super/sfrm1200.pfb></usr/local/texlive/2026/texmf-dist/fonts/t
ype1/public/cm-super/sfrm1728.pfb></usr/local/texlive/2026/texmf-dist/fonts/typ
e1/public/cm-super/sfti1000.pfb></usr/local/texlive/2026/texmf-dist/fonts/type1
/public/cm-super/sfti1095.pfb></usr/local/texlive/2026/texmf-dist/fonts/type1/p
ublic/cm-super/sftt1000.pfb>
Output written on cahier-calcul-2nde-pro.pdf (117 pages, 842965 bytes).
PDF statistics:
 794 PDF objects out of 1000 (max. 8388607)
 579 compressed objects within 6 object streams
 166 named destinations out of 1000 (max. 500000)
 64157 words of extra memory for PDF output out of 74296 (max. 10000000)

